{"C:\\Users\\diogomasc\\Documents\\workspace\\api-kanban-nest\\api-kanban\\src\\app.controller.ts": {"path":"C:\\Users\\diogomasc\\Documents\\workspace\\api-kanban-nest\\api-kanban\\src\\app.controller.ts","statementMap":{"0":{"start":{"line":6,"column":31},"end":{"line":6,"column":53}},"1":{"start":{"line":10,"column":4},"end":{"line":10,"column":null}}},"fnMap":{"0":{"name":"(anonymous_0)","decl":{"start":{"line":6,"column":2},"end":{"line":6,"column":14}},"loc":{"start":{"line":6,"column":55},"end":{"line":6,"column":null}},"line":6},"1":{"name":"(anonymous_1)","decl":{"start":{"line":9,"column":2},"end":{"line":9,"column":21}},"loc":{"start":{"line":9,"column":21},"end":{"line":11,"column":null}},"line":9}},"branchMap":{},"s":{"0":1,"1":1},"f":{"0":1,"1":1},"b":{},"meta":{"lastBranch":0,"lastFunction":2,"lastStatement":2,"seen":{"f:6:2:6:14":0,"s:6:31:6:53":0,"f:9:2:9:21":1,"s:10:4:10:Infinity":1}}}
,"C:\\Users\\diogomasc\\Documents\\workspace\\api-kanban-nest\\api-kanban\\src\\app.service.ts": {"path":"C:\\Users\\diogomasc\\Documents\\workspace\\api-kanban-nest\\api-kanban\\src\\app.service.ts","statementMap":{"0":{"start":{"line":6,"column":4},"end":{"line":6,"column":null}}},"fnMap":{"0":{"name":"(anonymous_0)","decl":{"start":{"line":5,"column":2},"end":{"line":5,"column":21}},"loc":{"start":{"line":5,"column":21},"end":{"line":7,"column":null}},"line":5}},"branchMap":{},"s":{"0":1},"f":{"0":1},"b":{},"meta":{"lastBranch":0,"lastFunction":1,"lastStatement":1,"seen":{"f:5:2:5:21":0,"s:6:4:6:Infinity":0}}}
,"C:\\Users\\diogomasc\\Documents\\workspace\\api-kanban-nest\\api-kanban\\src\\database\\database.module.ts": {"path":"C:\\Users\\diogomasc\\Documents\\workspace\\api-kanban-nest\\api-kanban\\src\\database\\database.module.ts","statementMap":{"0":{"start":{"line":7,"column":35},"end":{"line":7,"column":null}},"1":{"start":{"line":9,"column":29},"end":{"line":18,"column":null}},"2":{"start":{"line":12,"column":17},"end":{"line":14,"column":null}},"3":{"start":{"line":15,"column":4},"end":{"line":15,"column":null}}},"fnMap":{"0":{"name":"(anonymous_0)","decl":{"start":{"line":11,"column":14},"end":{"line":11,"column":15}},"loc":{"start":{"line":11,"column":15},"end":{"line":16,"column":null}},"line":11}},"branchMap":{},"s":{"0":1,"1":1,"2":0,"3":0},"f":{"0":0},"b":{},"meta":{"lastBranch":0,"lastFunction":1,"lastStatement":4,"seen":{"s:7:35:7:Infinity":0,"s:9:29:18:Infinity":1,"f:11:14:11:15":0,"s:12:17:14:Infinity":2,"s:15:4:15:Infinity":3}}}
,"C:\\Users\\diogomasc\\Documents\\workspace\\api-kanban-nest\\api-kanban\\src\\database\\schema.ts": {"path":"C:\\Users\\diogomasc\\Documents\\workspace\\api-kanban-nest\\api-kanban\\src\\database\\schema.ts","statementMap":{"0":{"start":{"line":13,"column":13},"end":{"line":17,"column":null}},"1":{"start":{"line":19,"column":13},"end":{"line":25,"column":null}},"2":{"start":{"line":23,"column":22},"end":{"line":23,"column":31}},"3":{"start":{"line":27,"column":13},"end":{"line":34,"column":null}},"4":{"start":{"line":32,"column":22},"end":{"line":32,"column":31}},"5":{"start":{"line":36,"column":13},"end":{"line":43,"column":null}},"6":{"start":{"line":41,"column":22},"end":{"line":41,"column":36}},"7":{"start":{"line":45,"column":13},"end":{"line":51,"column":null}},"8":{"start":{"line":49,"column":22},"end":{"line":49,"column":31}},"9":{"start":{"line":53,"column":13},"end":{"line":65,"column":null}},"10":{"start":{"line":60,"column":22},"end":{"line":60,"column":35}},"11":{"start":{"line":63,"column":22},"end":{"line":63,"column":31}},"12":{"start":{"line":67,"column":13},"end":{"line":79,"column":null}},"13":{"start":{"line":71,"column":24},"end":{"line":71,"column":32}},"14":{"start":{"line":74,"column":24},"end":{"line":74,"column":31}},"15":{"start":{"line":77,"column":10},"end":{"line":79,"column":null}},"16":{"start":{"line":82,"column":13},"end":{"line":94,"column":null}},"17":{"start":{"line":86,"column":24},"end":{"line":86,"column":32}},"18":{"start":{"line":89,"column":24},"end":{"line":89,"column":39}},"19":{"start":{"line":92,"column":10},"end":{"line":94,"column":null}},"20":{"start":{"line":99,"column":13},"end":{"line":104,"column":null}},"21":{"start":{"line":99,"column":64},"end":{"line":104,"column":null}},"22":{"start":{"line":106,"column":13},"end":{"line":112,"column":null}},"23":{"start":{"line":106,"column":79},"end":{"line":112,"column":null}},"24":{"start":{"line":114,"column":13},"end":{"line":117,"column":null}},"25":{"start":{"line":114,"column":77},"end":{"line":117,"column":null}},"26":{"start":{"line":119,"column":13},"end":{"line":127,"column":null}},"27":{"start":{"line":121,"column":22},"end":{"line":127,"column":null}},"28":{"start":{"line":130,"column":13},"end":{"line":133,"column":null}},"29":{"start":{"line":130,"column":65},"end":{"line":133,"column":null}},"30":{"start":{"line":135,"column":13},"end":{"line":143,"column":null}},"31":{"start":{"line":135,"column":67},"end":{"line":143,"column":null}},"32":{"start":{"line":145,"column":13},"end":{"line":148,"column":null}},"33":{"start":{"line":145,"column":67},"end":{"line":148,"column":null}},"34":{"start":{"line":150,"column":13},"end":{"line":161,"column":null}},"35":{"start":{"line":152,"column":16},"end":{"line":161,"column":null}}},"fnMap":{"0":{"name":"(anonymous_0)","decl":{"start":{"line":23,"column":16},"end":{"line":23,"column":22}},"loc":{"start":{"line":23,"column":22},"end":{"line":23,"column":31}},"line":23},"1":{"name":"(anonymous_1)","decl":{"start":{"line":32,"column":16},"end":{"line":32,"column":22}},"loc":{"start":{"line":32,"column":22},"end":{"line":32,"column":31}},"line":32},"2":{"name":"(anonymous_2)","decl":{"start":{"line":41,"column":16},"end":{"line":41,"column":22}},"loc":{"start":{"line":41,"column":22},"end":{"line":41,"column":36}},"line":41},"3":{"name":"(anonymous_3)","decl":{"start":{"line":49,"column":16},"end":{"line":49,"column":22}},"loc":{"start":{"line":49,"column":22},"end":{"line":49,"column":31}},"line":49},"4":{"name":"(anonymous_4)","decl":{"start":{"line":60,"column":16},"end":{"line":60,"column":22}},"loc":{"start":{"line":60,"column":22},"end":{"line":60,"column":35}},"line":60},"5":{"name":"(anonymous_5)","decl":{"start":{"line":63,"column":16},"end":{"line":63,"column":22}},"loc":{"start":{"line":63,"column":22},"end":{"line":63,"column":31}},"line":63},"6":{"name":"(anonymous_6)","decl":{"start":{"line":71,"column":18},"end":{"line":71,"column":24}},"loc":{"start":{"line":71,"column":24},"end":{"line":71,"column":32}},"line":71},"7":{"name":"(anonymous_7)","decl":{"start":{"line":74,"column":18},"end":{"line":74,"column":24}},"loc":{"start":{"line":74,"column":24},"end":{"line":74,"column":31}},"line":74},"8":{"name":"(anonymous_8)","decl":{"start":{"line":77,"column":2},"end":{"line":77,"column":3}},"loc":{"start":{"line":77,"column":10},"end":{"line":79,"column":null}},"line":77},"9":{"name":"(anonymous_9)","decl":{"start":{"line":86,"column":18},"end":{"line":86,"column":24}},"loc":{"start":{"line":86,"column":24},"end":{"line":86,"column":32}},"line":86},"10":{"name":"(anonymous_10)","decl":{"start":{"line":89,"column":18},"end":{"line":89,"column":24}},"loc":{"start":{"line":89,"column":24},"end":{"line":89,"column":39}},"line":89},"11":{"name":"(anonymous_11)","decl":{"start":{"line":92,"column":2},"end":{"line":92,"column":3}},"loc":{"start":{"line":92,"column":10},"end":{"line":94,"column":null}},"line":92},"12":{"name":"(anonymous_12)","decl":{"start":{"line":99,"column":49},"end":{"line":99,"column":50}},"loc":{"start":{"line":99,"column":64},"end":{"line":104,"column":null}},"line":99},"13":{"name":"(anonymous_13)","decl":{"start":{"line":106,"column":59},"end":{"line":106,"column":60}},"loc":{"start":{"line":106,"column":79},"end":{"line":112,"column":null}},"line":106},"14":{"name":"(anonymous_14)","decl":{"start":{"line":114,"column":57},"end":{"line":114,"column":58}},"loc":{"start":{"line":114,"column":77},"end":{"line":117,"column":null}},"line":114},"15":{"name":"(anonymous_15)","decl":{"start":{"line":121,"column":2},"end":{"line":121,"column":3}},"loc":{"start":{"line":121,"column":22},"end":{"line":127,"column":null}},"line":121},"16":{"name":"(anonymous_16)","decl":{"start":{"line":130,"column":45},"end":{"line":130,"column":46}},"loc":{"start":{"line":130,"column":65},"end":{"line":133,"column":null}},"line":130},"17":{"name":"(anonymous_17)","decl":{"start":{"line":135,"column":47},"end":{"line":135,"column":48}},"loc":{"start":{"line":135,"column":67},"end":{"line":143,"column":null}},"line":135},"18":{"name":"(anonymous_18)","decl":{"start":{"line":145,"column":53},"end":{"line":145,"column":54}},"loc":{"start":{"line":145,"column":67},"end":{"line":148,"column":null}},"line":145},"19":{"name":"(anonymous_19)","decl":{"start":{"line":152,"column":2},"end":{"line":152,"column":3}},"loc":{"start":{"line":152,"column":16},"end":{"line":161,"column":null}},"line":152}},"branchMap":{},"s":{"0":1,"1":1,"2":0,"3":1,"4":0,"5":1,"6":0,"7":1,"8":0,"9":1,"10":0,"11":0,"12":1,"13":0,"14":0,"15":0,"16":1,"17":0,"18":0,"19":0,"20":1,"21":0,"22":1,"23":0,"24":1,"25":0,"26":1,"27":0,"28":1,"29":0,"30":1,"31":0,"32":1,"33":0,"34":1,"35":0},"f":{"0":0,"1":0,"2":0,"3":0,"4":0,"5":0,"6":0,"7":0,"8":0,"9":0,"10":0,"11":0,"12":0,"13":0,"14":0,"15":0,"16":0,"17":0,"18":0,"19":0},"b":{},"meta":{"lastBranch":0,"lastFunction":20,"lastStatement":36,"seen":{"s:13:13:17:Infinity":0,"s:19:13:25:Infinity":1,"f:23:16:23:22":0,"s:23:22:23:31":2,"s:27:13:34:Infinity":3,"f:32:16:32:22":1,"s:32:22:32:31":4,"s:36:13:43:Infinity":5,"f:41:16:41:22":2,"s:41:22:41:36":6,"s:45:13:51:Infinity":7,"f:49:16:49:22":3,"s:49:22:49:31":8,"s:53:13:65:Infinity":9,"f:60:16:60:22":4,"s:60:22:60:35":10,"f:63:16:63:22":5,"s:63:22:63:31":11,"s:67:13:79:Infinity":12,"f:71:18:71:24":6,"s:71:24:71:32":13,"f:74:18:74:24":7,"s:74:24:74:31":14,"f:77:2:77:3":8,"s:77:10:79:Infinity":15,"s:82:13:94:Infinity":16,"f:86:18:86:24":9,"s:86:24:86:32":17,"f:89:18:89:24":10,"s:89:24:89:39":18,"f:92:2:92:3":11,"s:92:10:94:Infinity":19,"s:99:13:104:Infinity":20,"f:99:49:99:50":12,"s:99:64:104:Infinity":21,"s:106:13:112:Infinity":22,"f:106:59:106:60":13,"s:106:79:112:Infinity":23,"s:114:13:117:Infinity":24,"f:114:57:114:58":14,"s:114:77:117:Infinity":25,"s:119:13:127:Infinity":26,"f:121:2:121:3":15,"s:121:22:127:Infinity":27,"s:130:13:133:Infinity":28,"f:130:45:130:46":16,"s:130:65:133:Infinity":29,"s:135:13:143:Infinity":30,"f:135:47:135:48":17,"s:135:67:143:Infinity":31,"s:145:13:148:Infinity":32,"f:145:53:145:54":18,"s:145:67:148:Infinity":33,"s:150:13:161:Infinity":34,"f:152:2:152:3":19,"s:152:16:161:Infinity":35}}}
,"C:\\Users\\diogomasc\\Documents\\workspace\\api-kanban-nest\\api-kanban\\src\\modules\\boards\\boards.service.ts": {"path":"C:\\Users\\diogomasc\\Documents\\workspace\\api-kanban-nest\\api-kanban\\src\\modules\\boards\\boards.service.ts","statementMap":{"0":{"start":{"line":12,"column":21},"end":{"line":12,"column":54}},"1":{"start":{"line":16,"column":20},"end":{"line":19,"column":null}},"2":{"start":{"line":20,"column":4},"end":{"line":20,"column":null}},"3":{"start":{"line":24,"column":4},"end":{"line":24,"column":null}},"4":{"start":{"line":28,"column":18},"end":{"line":30,"column":null}},"5":{"start":{"line":31,"column":4},"end":{"line":31,"column":null}},"6":{"start":{"line":31,"column":16},"end":{"line":31,"column":null}},"7":{"start":{"line":32,"column":4},"end":{"line":32,"column":null}},"8":{"start":{"line":36,"column":20},"end":{"line":40,"column":null}},"9":{"start":{"line":41,"column":4},"end":{"line":41,"column":null}},"10":{"start":{"line":41,"column":16},"end":{"line":41,"column":null}},"11":{"start":{"line":42,"column":4},"end":{"line":42,"column":null}},"12":{"start":{"line":46,"column":20},"end":{"line":49,"column":null}},"13":{"start":{"line":50,"column":4},"end":{"line":50,"column":null}},"14":{"start":{"line":50,"column":16},"end":{"line":50,"column":null}},"15":{"start":{"line":51,"column":4},"end":{"line":51,"column":null}}},"fnMap":{"0":{"name":"(anonymous_0)","decl":{"start":{"line":10,"column":2},"end":{"line":10,"column":null}},"loc":{"start":{"line":13,"column":4},"end":{"line":13,"column":null}},"line":13},"1":{"name":"(anonymous_1)","decl":{"start":{"line":15,"column":8},"end":{"line":15,"column":15}},"loc":{"start":{"line":15,"column":47},"end":{"line":21,"column":null}},"line":15},"2":{"name":"(anonymous_2)","decl":{"start":{"line":23,"column":8},"end":{"line":23,"column":18}},"loc":{"start":{"line":23,"column":18},"end":{"line":25,"column":null}},"line":23},"3":{"name":"(anonymous_3)","decl":{"start":{"line":27,"column":8},"end":{"line":27,"column":16}},"loc":{"start":{"line":27,"column":28},"end":{"line":33,"column":null}},"line":27},"4":{"name":"(anonymous_4)","decl":{"start":{"line":35,"column":8},"end":{"line":35,"column":15}},"loc":{"start":{"line":35,"column":59},"end":{"line":43,"column":null}},"line":35},"5":{"name":"(anonymous_5)","decl":{"start":{"line":45,"column":8},"end":{"line":45,"column":15}},"loc":{"start":{"line":45,"column":27},"end":{"line":52,"column":null}},"line":45}},"branchMap":{"0":{"loc":{"start":{"line":31,"column":4},"end":{"line":31,"column":null}},"type":"if","locations":[{"start":{"line":31,"column":4},"end":{"line":31,"column":null}},{"start":{},"end":{}}],"line":31},"1":{"loc":{"start":{"line":41,"column":4},"end":{"line":41,"column":null}},"type":"if","locations":[{"start":{"line":41,"column":4},"end":{"line":41,"column":null}},{"start":{},"end":{}}],"line":41},"2":{"loc":{"start":{"line":50,"column":4},"end":{"line":50,"column":null}},"type":"if","locations":[{"start":{"line":50,"column":4},"end":{"line":50,"column":null}},{"start":{},"end":{}}],"line":50}},"s":{"0":5,"1":1,"2":1,"3":1,"4":2,"5":2,"6":1,"7":1,"8":0,"9":0,"10":0,"11":0,"12":0,"13":0,"14":0,"15":0},"f":{"0":5,"1":1,"2":1,"3":2,"4":0,"5":0},"b":{"0":[1,1],"1":[0,0],"2":[0,0]},"meta":{"lastBranch":3,"lastFunction":6,"lastStatement":16,"seen":{"f:10:2:10:Infinity":0,"s:12:21:12:54":0,"f:15:8:15:15":1,"s:16:20:19:Infinity":1,"s:20:4:20:Infinity":2,"f:23:8:23:18":2,"s:24:4:24:Infinity":3,"f:27:8:27:16":3,"s:28:18:30:Infinity":4,"b:31:4:31:Infinity:undefined:undefined:undefined:undefined":0,"s:31:4:31:Infinity":5,"s:31:16:31:Infinity":6,"s:32:4:32:Infinity":7,"f:35:8:35:15":4,"s:36:20:40:Infinity":8,"b:41:4:41:Infinity:undefined:undefined:undefined:undefined":1,"s:41:4:41:Infinity":9,"s:41:16:41:Infinity":10,"s:42:4:42:Infinity":11,"f:45:8:45:15":5,"s:46:20:49:Infinity":12,"b:50:4:50:Infinity:undefined:undefined:undefined:undefined":2,"s:50:4:50:Infinity":13,"s:50:16:50:Infinity":14,"s:51:4:51:Infinity":15}}}
,"C:\\Users\\diogomasc\\Documents\\workspace\\api-kanban-nest\\api-kanban\\src\\tests\\mocks\\drizzle.mock.ts": {"path":"C:\\Users\\diogomasc\\Documents\\workspace\\api-kanban-nest\\api-kanban\\src\\tests\\mocks\\drizzle.mock.ts","statementMap":{"0":{"start":{"line":3,"column":33},"end":{"line":48,"column":null}},"1":{"start":{"line":3,"column":40},"end":{"line":48,"column":null}},"2":{"start":{"line":38,"column":4},"end":{"line":46,"column":null}}},"fnMap":{"0":{"name":"(anonymous_0)","decl":{"start":{"line":3,"column":33},"end":{"line":3,"column":40}},"loc":{"start":{"line":3,"column":40},"end":{"line":48,"column":null}},"line":3},"1":{"name":"(anonymous_1)","decl":{"start":{"line":37,"column":21},"end":{"line":37,"column":22}},"loc":{"start":{"line":38,"column":4},"end":{"line":46,"column":null}},"line":38}},"branchMap":{},"s":{"0":1,"1":5,"2":0},"f":{"0":5,"1":0},"b":{},"meta":{"lastBranch":0,"lastFunction":2,"lastStatement":3,"seen":{"s:3:33:48:Infinity":0,"f:3:33:3:40":0,"s:3:40:48:Infinity":1,"f:37:21:37:22":1,"s:38:4:46:Infinity":2}}}
}
