{"C:\\Users\\diogomasc\\Documents\\workspace\\api-kanban-nest\\api-kanban\\src\\app.controller.ts": {"path":"C:\\Users\\diogomasc\\Documents\\workspace\\api-kanban-nest\\api-kanban\\src\\app.controller.ts","statementMap":{"0":{"start":{"line":1,"column":0},"end":{"line":1,"column":49}},"1":{"start":{"line":2,"column":0},"end":{"line":2,"column":43}},"2":{"start":{"line":5,"column":7},"end":{"line":12,"column":null}},"3":{"start":{"line":6,"column":31},"end":{"line":6,"column":43}},"4":{"start":{"line":10,"column":4},"end":{"line":10,"column":38}},"5":{"start":{"line":5,"column":13},"end":{"line":5,"column":26}},"6":{"start":{"line":9,"column":2},"end":{"line":11,"column":null}},"7":{"start":{"line":5,"column":13},"end":{"line":12,"column":null}}},"fnMap":{"0":{"name":"(anonymous_2)","decl":{"start":{"line":6,"column":2},"end":{"line":6,"column":31}},"loc":{"start":{"line":6,"column":53},"end":{"line":6,"column":57}}},"1":{"name":"(anonymous_3)","decl":{"start":{"line":9,"column":2},"end":{"line":9,"column":10}},"loc":{"start":{"line":9,"column":10},"end":{"line":11,"column":3}}}},"branchMap":{"0":{"loc":{"start":{"line":6,"column":43},"end":{"line":6,"column":56}},"type":"cond-expr","locations":[{"start":{"line":6,"column":53},"end":{"line":6,"column":56}},{"start":{"line":6,"column":53},"end":{"line":6,"column":56}}]},"1":{"loc":{"start":{"line":6,"column":43},"end":{"line":6,"column":53}},"type":"binary-expr","locations":[{"start":{"line":6,"column":43},"end":{"line":6,"column":56}},{"start":{"line":6,"column":43},"end":{"line":6,"column":53}}]}},"s":{"0":1,"1":1,"2":1,"3":1,"4":1,"5":1,"6":1,"7":1},"f":{"0":1,"1":1},"b":{"0":[1,0],"1":[1,1]}}
,"C:\\Users\\diogomasc\\Documents\\workspace\\api-kanban-nest\\api-kanban\\src\\app.module.ts": {"path":"C:\\Users\\diogomasc\\Documents\\workspace\\api-kanban-nest\\api-kanban\\src\\app.module.ts","statementMap":{"0":{"start":{"line":1,"column":0},"end":{"line":1,"column":40}},"1":{"start":{"line":2,"column":0},"end":{"line":2,"column":46}},"2":{"start":{"line":3,"column":0},"end":{"line":3,"column":43}},"3":{"start":{"line":4,"column":0},"end":{"line":4,"column":49}},"4":{"start":{"line":5,"column":0},"end":{"line":5,"column":43}},"5":{"start":{"line":6,"column":0},"end":{"line":6,"column":60}},"6":{"start":{"line":7,"column":0},"end":{"line":7,"column":62}},"7":{"start":{"line":8,"column":0},"end":{"line":8,"column":77}},"8":{"start":{"line":9,"column":0},"end":{"line":9,"column":74}},"9":{"start":{"line":10,"column":0},"end":{"line":10,"column":80}},"10":{"start":{"line":11,"column":0},"end":{"line":11,"column":56}},"11":{"start":{"line":12,"column":0},"end":{"line":12,"column":59}},"12":{"start":{"line":38,"column":7},"end":{"line":38,"column":null}},"13":{"start":{"line":38,"column":13},"end":{"line":38,"column":22}},"14":{"start":{"line":38,"column":13},"end":{"line":38,"column":null}}},"fnMap":{},"branchMap":{},"s":{"0":0,"1":0,"2":0,"3":0,"4":0,"5":0,"6":0,"7":0,"8":0,"9":0,"10":0,"11":0,"12":0,"13":0,"14":0},"f":{},"b":{}}
,"C:\\Users\\diogomasc\\Documents\\workspace\\api-kanban-nest\\api-kanban\\src\\app.service.ts": {"path":"C:\\Users\\diogomasc\\Documents\\workspace\\api-kanban-nest\\api-kanban\\src\\app.service.ts","statementMap":{"0":{"start":{"line":1,"column":0},"end":{"line":1,"column":44}},"1":{"start":{"line":4,"column":7},"end":{"line":8,"column":null}},"2":{"start":{"line":6,"column":4},"end":{"line":6,"column":26}},"3":{"start":{"line":4,"column":13},"end":{"line":4,"column":23}},"4":{"start":{"line":4,"column":13},"end":{"line":8,"column":null}}},"fnMap":{"0":{"name":"(anonymous_1)","decl":{"start":{"line":5,"column":2},"end":{"line":5,"column":10}},"loc":{"start":{"line":5,"column":10},"end":{"line":7,"column":3}}}},"branchMap":{},"s":{"0":1,"1":1,"2":1,"3":1,"4":1},"f":{"0":1},"b":{}}
,"C:\\Users\\diogomasc\\Documents\\workspace\\api-kanban-nest\\api-kanban\\src\\generate-swagger.ts": {"path":"C:\\Users\\diogomasc\\Documents\\workspace\\api-kanban-nest\\api-kanban\\src\\generate-swagger.ts","statementMap":{"0":{"start":{"line":1,"column":0},"end":{"line":1,"column":43}},"1":{"start":{"line":2,"column":0},"end":{"line":2,"column":41}},"2":{"start":{"line":3,"column":0},"end":{"line":3,"column":65}},"3":{"start":{"line":4,"column":0},"end":{"line":4,"column":25}},"4":{"start":{"line":5,"column":0},"end":{"line":5,"column":28}},"5":{"start":{"line":8,"column":14},"end":{"line":8,"column":68}},"6":{"start":{"line":9,"column":17},"end":{"line":12,"column":12}},"7":{"start":{"line":13,"column":19},"end":{"line":13,"column":60}},"8":{"start":{"line":15,"column":21},"end":{"line":15,"column":64}},"9":{"start":{"line":16,"column":2},"end":{"line":16,"column":66}},"10":{"start":{"line":17,"column":2},"end":{"line":17,"column":57}},"11":{"start":{"line":19,"column":2},"end":{"line":19,"column":20}},"12":{"start":{"line":21,"column":0},"end":{"line":21,"column":12}}},"fnMap":{"0":{"name":"bootstrap","decl":{"start":{"line":7,"column":15},"end":{"line":7,"column":24}},"loc":{"start":{"line":7,"column":24},"end":{"line":20,"column":1}}}},"branchMap":{},"s":{"0":0,"1":0,"2":0,"3":0,"4":0,"5":0,"6":0,"7":0,"8":0,"9":0,"10":0,"11":0,"12":0},"f":{"0":0},"b":{}}
,"C:\\Users\\diogomasc\\Documents\\workspace\\api-kanban-nest\\api-kanban\\src\\main.ts": {"path":"C:\\Users\\diogomasc\\Documents\\workspace\\api-kanban-nest\\api-kanban\\src\\main.ts","statementMap":{"0":{"start":{"line":1,"column":0},"end":{"line":1,"column":43}},"1":{"start":{"line":2,"column":0},"end":{"line":2,"column":41}},"2":{"start":{"line":4,"column":0},"end":{"line":4,"column":37}},"3":{"start":{"line":5,"column":0},"end":{"line":5,"column":65}},"4":{"start":{"line":6,"column":0},"end":{"line":6,"column":47}},"5":{"start":{"line":9,"column":14},"end":{"line":9,"column":71}},"6":{"start":{"line":10,"column":2},"end":{"line":10,"column":33}},"7":{"start":{"line":12,"column":17},"end":{"line":16,"column":12}},"8":{"start":{"line":17,"column":19},"end":{"line":17,"column":60}},"9":{"start":{"line":18,"column":2},"end":{"line":18,"column":45}},"10":{"start":{"line":20,"column":2},"end":{"line":20,"column":46}},"11":{"start":{"line":22,"column":2},"end":{"line":22,"column":45}},"12":{"start":{"line":24,"column":0},"end":{"line":24,"column":12}}},"fnMap":{"0":{"name":"bootstrap","decl":{"start":{"line":8,"column":15},"end":{"line":8,"column":24}},"loc":{"start":{"line":8,"column":24},"end":{"line":23,"column":1}}}},"branchMap":{"0":{"loc":{"start":{"line":22,"column":19},"end":{"line":22,"column":43}},"type":"binary-expr","locations":[{"start":{"line":22,"column":19},"end":{"line":22,"column":35}},{"start":{"line":22,"column":39},"end":{"line":22,"column":43}}]}},"s":{"0":0,"1":0,"2":0,"3":0,"4":0,"5":0,"6":0,"7":0,"8":0,"9":0,"10":0,"11":0,"12":0},"f":{"0":0},"b":{"0":[0,0]}}
,"C:\\Users\\diogomasc\\Documents\\workspace\\api-kanban-nest\\api-kanban\\src\\database\\database.module.ts": {"path":"C:\\Users\\diogomasc\\Documents\\workspace\\api-kanban-nest\\api-kanban\\src\\database\\database.module.ts","statementMap":{"0":{"start":{"line":1,"column":0},"end":{"line":1,"column":52}},"1":{"start":{"line":2,"column":0},"end":{"line":2,"column":26}},"2":{"start":{"line":3,"column":0},"end":{"line":3,"column":35}},"3":{"start":{"line":4,"column":0},"end":{"line":4,"column":47}},"4":{"start":{"line":5,"column":0},"end":{"line":5,"column":58}},"5":{"start":{"line":7,"column":13},"end":{"line":7,"column":57}},"6":{"start":{"line":9,"column":29},"end":{"line":18,"column":2}},"7":{"start":{"line":12,"column":17},"end":{"line":14,"column":6}},"8":{"start":{"line":15,"column":4},"end":{"line":15,"column":37}},"9":{"start":{"line":25,"column":7},"end":{"line":25,"column":null}},"10":{"start":{"line":25,"column":13},"end":{"line":25,"column":27}},"11":{"start":{"line":25,"column":13},"end":{"line":25,"column":null}}},"fnMap":{"0":{"name":"(anonymous_10)","decl":{"start":{"line":11,"column":14},"end":{"line":11,"column":15}},"loc":{"start":{"line":11,"column":47},"end":{"line":16,"column":3}}}},"branchMap":{},"s":{"0":1,"1":1,"2":1,"3":1,"4":1,"5":1,"6":1,"7":0,"8":0,"9":1,"10":1,"11":1},"f":{"0":0},"b":{}}
,"C:\\Users\\diogomasc\\Documents\\workspace\\api-kanban-nest\\api-kanban\\src\\database\\schema.ts": {"path":"C:\\Users\\diogomasc\\Documents\\workspace\\api-kanban-nest\\api-kanban\\src\\database\\schema.ts","statementMap":{"0":{"start":{"line":1,"column":0},"end":{"line":1,"column":null}},"1":{"start":{"line":9,"column":0},"end":{"line":9,"column":40}},"2":{"start":{"line":13,"column":13},"end":{"line":17,"column":3}},"3":{"start":{"line":19,"column":13},"end":{"line":25,"column":3}},"4":{"start":{"line":23,"column":22},"end":{"line":23,"column":31}},"5":{"start":{"line":27,"column":13},"end":{"line":34,"column":3}},"6":{"start":{"line":32,"column":22},"end":{"line":32,"column":31}},"7":{"start":{"line":36,"column":13},"end":{"line":43,"column":3}},"8":{"start":{"line":41,"column":22},"end":{"line":41,"column":36}},"9":{"start":{"line":45,"column":13},"end":{"line":51,"column":3}},"10":{"start":{"line":49,"column":22},"end":{"line":49,"column":31}},"11":{"start":{"line":53,"column":13},"end":{"line":65,"column":3}},"12":{"start":{"line":60,"column":22},"end":{"line":60,"column":35}},"13":{"start":{"line":63,"column":22},"end":{"line":63,"column":31}},"14":{"start":{"line":67,"column":13},"end":{"line":80,"column":2}},"15":{"start":{"line":71,"column":24},"end":{"line":71,"column":32}},"16":{"start":{"line":74,"column":24},"end":{"line":74,"column":31}},"17":{"start":{"line":77,"column":10},"end":{"line":79,"column":4}},"18":{"start":{"line":82,"column":13},"end":{"line":95,"column":2}},"19":{"start":{"line":86,"column":24},"end":{"line":86,"column":32}},"20":{"start":{"line":89,"column":24},"end":{"line":89,"column":39}},"21":{"start":{"line":92,"column":10},"end":{"line":94,"column":4}},"22":{"start":{"line":99,"column":13},"end":{"line":104,"column":4}},"23":{"start":{"line":99,"column":64},"end":{"line":104,"column":2}},"24":{"start":{"line":106,"column":13},"end":{"line":112,"column":4}},"25":{"start":{"line":106,"column":79},"end":{"line":112,"column":2}},"26":{"start":{"line":114,"column":13},"end":{"line":117,"column":4}},"27":{"start":{"line":114,"column":77},"end":{"line":117,"column":2}},"28":{"start":{"line":119,"column":13},"end":{"line":128,"column":2}},"29":{"start":{"line":121,"column":22},"end":{"line":127,"column":4}},"30":{"start":{"line":130,"column":13},"end":{"line":133,"column":4}},"31":{"start":{"line":130,"column":65},"end":{"line":133,"column":2}},"32":{"start":{"line":135,"column":13},"end":{"line":143,"column":4}},"33":{"start":{"line":135,"column":67},"end":{"line":143,"column":2}},"34":{"start":{"line":145,"column":13},"end":{"line":148,"column":4}},"35":{"start":{"line":145,"column":67},"end":{"line":148,"column":2}},"36":{"start":{"line":150,"column":13},"end":{"line":162,"column":2}},"37":{"start":{"line":152,"column":16},"end":{"line":161,"column":4}}},"fnMap":{"0":{"name":"(anonymous_0)","decl":{"start":{"line":23,"column":16},"end":{"line":23,"column":19}},"loc":{"start":{"line":23,"column":22},"end":{"line":23,"column":31}}},"1":{"name":"(anonymous_1)","decl":{"start":{"line":32,"column":16},"end":{"line":32,"column":19}},"loc":{"start":{"line":32,"column":22},"end":{"line":32,"column":31}}},"2":{"name":"(anonymous_2)","decl":{"start":{"line":41,"column":16},"end":{"line":41,"column":19}},"loc":{"start":{"line":41,"column":22},"end":{"line":41,"column":36}}},"3":{"name":"(anonymous_3)","decl":{"start":{"line":49,"column":16},"end":{"line":49,"column":19}},"loc":{"start":{"line":49,"column":22},"end":{"line":49,"column":31}}},"4":{"name":"(anonymous_4)","decl":{"start":{"line":60,"column":16},"end":{"line":60,"column":19}},"loc":{"start":{"line":60,"column":22},"end":{"line":60,"column":35}}},"5":{"name":"(anonymous_5)","decl":{"start":{"line":63,"column":16},"end":{"line":63,"column":19}},"loc":{"start":{"line":63,"column":22},"end":{"line":63,"column":31}}},"6":{"name":"(anonymous_6)","decl":{"start":{"line":71,"column":18},"end":{"line":71,"column":21}},"loc":{"start":{"line":71,"column":24},"end":{"line":71,"column":32}}},"7":{"name":"(anonymous_7)","decl":{"start":{"line":74,"column":18},"end":{"line":74,"column":21}},"loc":{"start":{"line":74,"column":24},"end":{"line":74,"column":31}}},"8":{"name":"(anonymous_8)","decl":{"start":{"line":77,"column":2},"end":{"line":77,"column":3}},"loc":{"start":{"line":77,"column":10},"end":{"line":79,"column":4}}},"9":{"name":"(anonymous_9)","decl":{"start":{"line":86,"column":18},"end":{"line":86,"column":21}},"loc":{"start":{"line":86,"column":24},"end":{"line":86,"column":32}}},"10":{"name":"(anonymous_10)","decl":{"start":{"line":89,"column":18},"end":{"line":89,"column":21}},"loc":{"start":{"line":89,"column":24},"end":{"line":89,"column":39}}},"11":{"name":"(anonymous_11)","decl":{"start":{"line":92,"column":2},"end":{"line":92,"column":3}},"loc":{"start":{"line":92,"column":10},"end":{"line":94,"column":4}}},"12":{"name":"(anonymous_12)","decl":{"start":{"line":99,"column":49},"end":{"line":99,"column":50}},"loc":{"start":{"line":99,"column":64},"end":{"line":104,"column":2}}},"13":{"name":"(anonymous_13)","decl":{"start":{"line":106,"column":59},"end":{"line":106,"column":60}},"loc":{"start":{"line":106,"column":79},"end":{"line":112,"column":2}}},"14":{"name":"(anonymous_14)","decl":{"start":{"line":114,"column":57},"end":{"line":114,"column":58}},"loc":{"start":{"line":114,"column":77},"end":{"line":117,"column":2}}},"15":{"name":"(anonymous_15)","decl":{"start":{"line":121,"column":2},"end":{"line":121,"column":3}},"loc":{"start":{"line":121,"column":22},"end":{"line":127,"column":4}}},"16":{"name":"(anonymous_16)","decl":{"start":{"line":130,"column":45},"end":{"line":130,"column":46}},"loc":{"start":{"line":130,"column":65},"end":{"line":133,"column":2}}},"17":{"name":"(anonymous_17)","decl":{"start":{"line":135,"column":47},"end":{"line":135,"column":48}},"loc":{"start":{"line":135,"column":67},"end":{"line":143,"column":2}}},"18":{"name":"(anonymous_18)","decl":{"start":{"line":145,"column":53},"end":{"line":145,"column":54}},"loc":{"start":{"line":145,"column":67},"end":{"line":148,"column":2}}},"19":{"name":"(anonymous_19)","decl":{"start":{"line":152,"column":2},"end":{"line":152,"column":3}},"loc":{"start":{"line":152,"column":16},"end":{"line":161,"column":4}}}},"branchMap":{},"s":{"0":1,"1":1,"2":1,"3":1,"4":0,"5":1,"6":0,"7":1,"8":0,"9":1,"10":0,"11":1,"12":0,"13":0,"14":1,"15":0,"16":0,"17":0,"18":1,"19":0,"20":0,"21":0,"22":1,"23":0,"24":1,"25":0,"26":1,"27":0,"28":1,"29":0,"30":1,"31":0,"32":1,"33":0,"34":1,"35":0,"36":1,"37":0},"f":{"0":0,"1":0,"2":0,"3":0,"4":0,"5":0,"6":0,"7":0,"8":0,"9":0,"10":0,"11":0,"12":0,"13":0,"14":0,"15":0,"16":0,"17":0,"18":0,"19":0},"b":{}}
,"C:\\Users\\diogomasc\\Documents\\workspace\\api-kanban-nest\\api-kanban\\src\\modules\\boards\\boards.controller.ts": {"path":"C:\\Users\\diogomasc\\Documents\\workspace\\api-kanban-nest\\api-kanban\\src\\modules\\boards\\boards.controller.ts","statementMap":{"0":{"start":{"line":1,"column":0},"end":{"line":1,"column":null}},"1":{"start":{"line":10,"column":0},"end":{"line":10,"column":49}},"2":{"start":{"line":11,"column":0},"end":{"line":11,"column":56}},"3":{"start":{"line":12,"column":0},"end":{"line":12,"column":56}},"4":{"start":{"line":16,"column":7},"end":{"line":48,"column":null}},"5":{"start":{"line":17,"column":31},"end":{"line":17,"column":46}},"6":{"start":{"line":22,"column":4},"end":{"line":22,"column":53}},"7":{"start":{"line":28,"column":4},"end":{"line":28,"column":40}},"8":{"start":{"line":34,"column":4},"end":{"line":34,"column":42}},"9":{"start":{"line":40,"column":4},"end":{"line":40,"column":57}},"10":{"start":{"line":46,"column":4},"end":{"line":46,"column":41}},"11":{"start":{"line":16,"column":13},"end":{"line":16,"column":29}},"12":{"start":{"line":21,"column":2},"end":{"line":23,"column":null}},"13":{"start":{"line":27,"column":2},"end":{"line":29,"column":null}},"14":{"start":{"line":33,"column":2},"end":{"line":35,"column":null}},"15":{"start":{"line":39,"column":2},"end":{"line":41,"column":null}},"16":{"start":{"line":45,"column":2},"end":{"line":47,"column":null}},"17":{"start":{"line":16,"column":13},"end":{"line":48,"column":null}}},"fnMap":{"0":{"name":"(anonymous_4)","decl":{"start":{"line":17,"column":2},"end":{"line":17,"column":31}},"loc":{"start":{"line":17,"column":59},"end":{"line":17,"column":63}}},"1":{"name":"(anonymous_5)","decl":{"start":{"line":21,"column":2},"end":{"line":21,"column":8}},"loc":{"start":{"line":21,"column":47},"end":{"line":23,"column":3}}},"2":{"name":"(anonymous_6)","decl":{"start":{"line":27,"column":2},"end":{"line":27,"column":9}},"loc":{"start":{"line":27,"column":9},"end":{"line":29,"column":3}}},"3":{"name":"(anonymous_7)","decl":{"start":{"line":33,"column":2},"end":{"line":33,"column":9}},"loc":{"start":{"line":33,"column":33},"end":{"line":35,"column":3}}},"4":{"name":"(anonymous_8)","decl":{"start":{"line":39,"column":2},"end":{"line":39,"column":8}},"loc":{"start":{"line":39,"column":72},"end":{"line":41,"column":3}}},"5":{"name":"(anonymous_9)","decl":{"start":{"line":45,"column":2},"end":{"line":45,"column":8}},"loc":{"start":{"line":45,"column":32},"end":{"line":47,"column":3}}}},"branchMap":{"0":{"loc":{"start":{"line":21,"column":33},"end":{"line":21,"column":null}},"type":"cond-expr","locations":[{"start":{"line":21,"column":47},"end":{"line":21,"column":null}},{"start":{"line":21,"column":47},"end":{"line":21,"column":null}}]},"1":{"loc":{"start":{"line":21,"column":33},"end":{"line":21,"column":47}},"type":"binary-expr","locations":[{"start":{"line":21,"column":33},"end":{"line":21,"column":null}},{"start":{"line":21,"column":33},"end":{"line":21,"column":47}}]},"2":{"loc":{"start":{"line":39,"column":58},"end":{"line":39,"column":null}},"type":"cond-expr","locations":[{"start":{"line":39,"column":72},"end":{"line":39,"column":null}},{"start":{"line":39,"column":72},"end":{"line":39,"column":null}}]},"3":{"loc":{"start":{"line":39,"column":58},"end":{"line":39,"column":72}},"type":"binary-expr","locations":[{"start":{"line":39,"column":58},"end":{"line":39,"column":null}},{"start":{"line":39,"column":58},"end":{"line":39,"column":72}}]},"4":{"loc":{"start":{"line":17,"column":46},"end":{"line":17,"column":62}},"type":"cond-expr","locations":[{"start":{"line":17,"column":59},"end":{"line":17,"column":62}},{"start":{"line":17,"column":59},"end":{"line":17,"column":62}}]},"5":{"loc":{"start":{"line":17,"column":46},"end":{"line":17,"column":59}},"type":"binary-expr","locations":[{"start":{"line":17,"column":46},"end":{"line":17,"column":62}},{"start":{"line":17,"column":46},"end":{"line":17,"column":59}}]}},"s":{"0":0,"1":0,"2":0,"3":0,"4":0,"5":0,"6":0,"7":0,"8":0,"9":0,"10":0,"11":0,"12":0,"13":0,"14":0,"15":0,"16":0,"17":0},"f":{"0":0,"1":0,"2":0,"3":0,"4":0,"5":0},"b":{"0":[0,0],"1":[0,0],"2":[0,0],"3":[0,0],"4":[0,0],"5":[0,0]}}
,"C:\\Users\\diogomasc\\Documents\\workspace\\api-kanban-nest\\api-kanban\\src\\modules\\boards\\boards.module.ts": {"path":"C:\\Users\\diogomasc\\Documents\\workspace\\api-kanban-nest\\api-kanban\\src\\modules\\boards\\boards.module.ts","statementMap":{"0":{"start":{"line":1,"column":0},"end":{"line":1,"column":40}},"1":{"start":{"line":2,"column":0},"end":{"line":2,"column":49}},"2":{"start":{"line":3,"column":0},"end":{"line":3,"column":55}},"3":{"start":{"line":9,"column":7},"end":{"line":9,"column":null}},"4":{"start":{"line":9,"column":13},"end":{"line":9,"column":25}},"5":{"start":{"line":9,"column":13},"end":{"line":9,"column":null}}},"fnMap":{},"branchMap":{},"s":{"0":0,"1":0,"2":0,"3":0,"4":0,"5":0},"f":{},"b":{}}
,"C:\\Users\\diogomasc\\Documents\\workspace\\api-kanban-nest\\api-kanban\\src\\modules\\boards\\boards.service.ts": {"path":"C:\\Users\\diogomasc\\Documents\\workspace\\api-kanban-nest\\api-kanban\\src\\modules\\boards\\boards.service.ts","statementMap":{"0":{"start":{"line":1,"column":0},"end":{"line":1,"column":71}},"1":{"start":{"line":2,"column":0},"end":{"line":2,"column":69}},"2":{"start":{"line":3,"column":0},"end":{"line":3,"column":59}},"3":{"start":{"line":4,"column":0},"end":{"line":4,"column":48}},"4":{"start":{"line":6,"column":0},"end":{"line":6,"column":33}},"5":{"start":{"line":9,"column":7},"end":{"line":53,"column":null}},"6":{"start":{"line":12,"column":21},"end":{"line":12,"column":25}},"7":{"start":{"line":16,"column":20},"end":{"line":19,"column":18}},"8":{"start":{"line":20,"column":4},"end":{"line":20,"column":17}},"9":{"start":{"line":24,"column":4},"end":{"line":24,"column":43}},"10":{"start":{"line":28,"column":18},"end":{"line":30,"column":6}},"11":{"start":{"line":31,"column":4},"end":{"line":31,"column":63}},"12":{"start":{"line":31,"column":16},"end":{"line":31,"column":63}},"13":{"start":{"line":32,"column":4},"end":{"line":32,"column":17}},"14":{"start":{"line":36,"column":20},"end":{"line":40,"column":18}},"15":{"start":{"line":41,"column":4},"end":{"line":41,"column":63}},"16":{"start":{"line":41,"column":16},"end":{"line":41,"column":63}},"17":{"start":{"line":42,"column":4},"end":{"line":42,"column":17}},"18":{"start":{"line":46,"column":20},"end":{"line":49,"column":18}},"19":{"start":{"line":50,"column":4},"end":{"line":50,"column":63}},"20":{"start":{"line":50,"column":16},"end":{"line":50,"column":63}},"21":{"start":{"line":51,"column":4},"end":{"line":51,"column":17}},"22":{"start":{"line":9,"column":13},"end":{"line":9,"column":26}},"23":{"start":{"line":9,"column":13},"end":{"line":53,"column":null}}},"fnMap":{"0":{"name":"(anonymous_13)","decl":{"start":{"line":10,"column":2},"end":{"line":10,"column":null}},"loc":{"start":{"line":12,"column":54},"end":{"line":13,"column":6}}},"1":{"name":"(anonymous_14)","decl":{"start":{"line":15,"column":2},"end":{"line":15,"column":7}},"loc":{"start":{"line":15,"column":45},"end":{"line":21,"column":3}}},"2":{"name":"(anonymous_15)","decl":{"start":{"line":23,"column":2},"end":{"line":23,"column":7}},"loc":{"start":{"line":23,"column":15},"end":{"line":25,"column":3}}},"3":{"name":"(anonymous_16)","decl":{"start":{"line":27,"column":2},"end":{"line":27,"column":7}},"loc":{"start":{"line":27,"column":26},"end":{"line":33,"column":3}}},"4":{"name":"(anonymous_17)","decl":{"start":{"line":35,"column":2},"end":{"line":35,"column":7}},"loc":{"start":{"line":35,"column":57},"end":{"line":43,"column":3}}},"5":{"name":"(anonymous_18)","decl":{"start":{"line":45,"column":2},"end":{"line":45,"column":7}},"loc":{"start":{"line":45,"column":25},"end":{"line":52,"column":3}}}},"branchMap":{"0":{"loc":{"start":{"line":31,"column":4},"end":{"line":31,"column":63}},"type":"if","locations":[{"start":{"line":31,"column":4},"end":{"line":31,"column":63}},{"start":{},"end":{}}]},"1":{"loc":{"start":{"line":41,"column":4},"end":{"line":41,"column":63}},"type":"if","locations":[{"start":{"line":41,"column":4},"end":{"line":41,"column":63}},{"start":{},"end":{}}]},"2":{"loc":{"start":{"line":50,"column":4},"end":{"line":50,"column":63}},"type":"if","locations":[{"start":{"line":50,"column":4},"end":{"line":50,"column":63}},{"start":{},"end":{}}]},"3":{"loc":{"start":{"line":12,"column":25},"end":{"line":12,"column":54}},"type":"cond-expr","locations":[{"start":{"line":12,"column":39},"end":{"line":12,"column":54}},{"start":{"line":12,"column":39},"end":{"line":12,"column":54}}]},"4":{"loc":{"start":{"line":12,"column":25},"end":{"line":12,"column":39}},"type":"binary-expr","locations":[{"start":{"line":12,"column":25},"end":{"line":12,"column":54}},{"start":{"line":12,"column":25},"end":{"line":12,"column":39}}]}},"s":{"0":1,"1":1,"2":1,"3":1,"4":1,"5":1,"6":5,"7":1,"8":1,"9":1,"10":2,"11":2,"12":1,"13":1,"14":0,"15":0,"16":0,"17":0,"18":0,"19":0,"20":0,"21":0,"22":1,"23":1},"f":{"0":5,"1":1,"2":1,"3":2,"4":0,"5":0},"b":{"0":[1,1],"1":[0,0],"2":[0,0],"3":[1,0],"4":[1,1]}}
,"C:\\Users\\diogomasc\\Documents\\workspace\\api-kanban-nest\\api-kanban\\src\\modules\\boards\\dto\\create-board.dto.ts": {"path":"C:\\Users\\diogomasc\\Documents\\workspace\\api-kanban-nest\\api-kanban\\src\\modules\\boards\\dto\\create-board.dto.ts","statementMap":{"0":{"start":{"line":1,"column":0},"end":{"line":1,"column":42}},"1":{"start":{"line":2,"column":0},"end":{"line":2,"column":24}},"2":{"start":{"line":4,"column":13},"end":{"line":6,"column":3}},"3":{"start":{"line":8,"column":0},"end":{"line":8,"column":13}}},"fnMap":{},"branchMap":{},"s":{"0":0,"1":0,"2":0,"3":0},"f":{},"b":{}}
,"C:\\Users\\diogomasc\\Documents\\workspace\\api-kanban-nest\\api-kanban\\src\\modules\\departments\\departments.controller.ts": {"path":"C:\\Users\\diogomasc\\Documents\\workspace\\api-kanban-nest\\api-kanban\\src\\modules\\departments\\departments.controller.ts","statementMap":{"0":{"start":{"line":1,"column":0},"end":{"line":1,"column":null}},"1":{"start":{"line":10,"column":0},"end":{"line":10,"column":59}},"2":{"start":{"line":11,"column":0},"end":{"line":11,"column":66}},"3":{"start":{"line":12,"column":0},"end":{"line":12,"column":56}},"4":{"start":{"line":16,"column":7},"end":{"line":51,"column":null}},"5":{"start":{"line":17,"column":31},"end":{"line":17,"column":51}},"6":{"start":{"line":22,"column":4},"end":{"line":22,"column":63}},"7":{"start":{"line":28,"column":4},"end":{"line":28,"column":45}},"8":{"start":{"line":34,"column":4},"end":{"line":34,"column":47}},"9":{"start":{"line":43,"column":4},"end":{"line":43,"column":67}},"10":{"start":{"line":49,"column":4},"end":{"line":49,"column":46}},"11":{"start":{"line":16,"column":13},"end":{"line":16,"column":34}},"12":{"start":{"line":21,"column":2},"end":{"line":23,"column":null}},"13":{"start":{"line":27,"column":2},"end":{"line":29,"column":null}},"14":{"start":{"line":33,"column":2},"end":{"line":35,"column":null}},"15":{"start":{"line":39,"column":2},"end":{"line":44,"column":null}},"16":{"start":{"line":48,"column":2},"end":{"line":50,"column":null}},"17":{"start":{"line":16,"column":13},"end":{"line":51,"column":null}}},"fnMap":{"0":{"name":"(anonymous_4)","decl":{"start":{"line":17,"column":2},"end":{"line":17,"column":31}},"loc":{"start":{"line":17,"column":69},"end":{"line":17,"column":73}}},"1":{"name":"(anonymous_5)","decl":{"start":{"line":21,"column":2},"end":{"line":21,"column":8}},"loc":{"start":{"line":21,"column":57},"end":{"line":23,"column":3}}},"2":{"name":"(anonymous_6)","decl":{"start":{"line":27,"column":2},"end":{"line":27,"column":9}},"loc":{"start":{"line":27,"column":9},"end":{"line":29,"column":3}}},"3":{"name":"(anonymous_7)","decl":{"start":{"line":33,"column":2},"end":{"line":33,"column":9}},"loc":{"start":{"line":33,"column":33},"end":{"line":35,"column":3}}},"4":{"name":"(anonymous_8)","decl":{"start":{"line":39,"column":2},"end":{"line":39,"column":8}},"loc":{"start":{"line":41,"column":52},"end":{"line":44,"column":3}}},"5":{"name":"(anonymous_9)","decl":{"start":{"line":48,"column":2},"end":{"line":48,"column":8}},"loc":{"start":{"line":48,"column":32},"end":{"line":50,"column":3}}}},"branchMap":{"0":{"loc":{"start":{"line":21,"column":38},"end":{"line":21,"column":null}},"type":"cond-expr","locations":[{"start":{"line":21,"column":57},"end":{"line":21,"column":null}},{"start":{"line":21,"column":57},"end":{"line":21,"column":null}}]},"1":{"loc":{"start":{"line":21,"column":38},"end":{"line":21,"column":57}},"type":"binary-expr","locations":[{"start":{"line":21,"column":38},"end":{"line":21,"column":null}},{"start":{"line":21,"column":38},"end":{"line":21,"column":57}}]},"2":{"loc":{"start":{"line":41,"column":33},"end":{"line":41,"column":null}},"type":"cond-expr","locations":[{"start":{"line":41,"column":52},"end":{"line":41,"column":null}},{"start":{"line":41,"column":52},"end":{"line":41,"column":null}}]},"3":{"loc":{"start":{"line":41,"column":33},"end":{"line":41,"column":52}},"type":"binary-expr","locations":[{"start":{"line":41,"column":33},"end":{"line":41,"column":null}},{"start":{"line":41,"column":33},"end":{"line":41,"column":52}}]},"4":{"loc":{"start":{"line":17,"column":51},"end":{"line":17,"column":72}},"type":"cond-expr","locations":[{"start":{"line":17,"column":69},"end":{"line":17,"column":72}},{"start":{"line":17,"column":69},"end":{"line":17,"column":72}}]},"5":{"loc":{"start":{"line":17,"column":51},"end":{"line":17,"column":69}},"type":"binary-expr","locations":[{"start":{"line":17,"column":51},"end":{"line":17,"column":72}},{"start":{"line":17,"column":51},"end":{"line":17,"column":69}}]}},"s":{"0":0,"1":0,"2":0,"3":0,"4":0,"5":0,"6":0,"7":0,"8":0,"9":0,"10":0,"11":0,"12":0,"13":0,"14":0,"15":0,"16":0,"17":0},"f":{"0":0,"1":0,"2":0,"3":0,"4":0,"5":0},"b":{"0":[0,0],"1":[0,0],"2":[0,0],"3":[0,0],"4":[0,0],"5":[0,0]}}
,"C:\\Users\\diogomasc\\Documents\\workspace\\api-kanban-nest\\api-kanban\\src\\modules\\departments\\departments.module.ts": {"path":"C:\\Users\\diogomasc\\Documents\\workspace\\api-kanban-nest\\api-kanban\\src\\modules\\departments\\departments.module.ts","statementMap":{"0":{"start":{"line":1,"column":0},"end":{"line":1,"column":40}},"1":{"start":{"line":2,"column":0},"end":{"line":2,"column":59}},"2":{"start":{"line":3,"column":0},"end":{"line":3,"column":65}},"3":{"start":{"line":9,"column":7},"end":{"line":9,"column":null}},"4":{"start":{"line":9,"column":13},"end":{"line":9,"column":30}},"5":{"start":{"line":9,"column":13},"end":{"line":9,"column":null}}},"fnMap":{},"branchMap":{},"s":{"0":0,"1":0,"2":0,"3":0,"4":0,"5":0},"f":{},"b":{}}
,"C:\\Users\\diogomasc\\Documents\\workspace\\api-kanban-nest\\api-kanban\\src\\modules\\departments\\departments.service.ts": {"path":"C:\\Users\\diogomasc\\Documents\\workspace\\api-kanban-nest\\api-kanban\\src\\modules\\departments\\departments.service.ts","statementMap":{"0":{"start":{"line":1,"column":0},"end":{"line":1,"column":71}},"1":{"start":{"line":2,"column":0},"end":{"line":2,"column":69}},"2":{"start":{"line":3,"column":0},"end":{"line":3,"column":59}},"3":{"start":{"line":4,"column":0},"end":{"line":4,"column":48}},"4":{"start":{"line":6,"column":0},"end":{"line":6,"column":33}},"5":{"start":{"line":9,"column":7},"end":{"line":54,"column":null}},"6":{"start":{"line":12,"column":21},"end":{"line":12,"column":25}},"7":{"start":{"line":17,"column":25},"end":{"line":20,"column":18}},"8":{"start":{"line":21,"column":4},"end":{"line":21,"column":22}},"9":{"start":{"line":25,"column":4},"end":{"line":25,"column":48}},"10":{"start":{"line":29,"column":23},"end":{"line":31,"column":6}},"11":{"start":{"line":32,"column":4},"end":{"line":32,"column":73}},"12":{"start":{"line":32,"column":21},"end":{"line":32,"column":73}},"13":{"start":{"line":33,"column":4},"end":{"line":33,"column":22}},"14":{"start":{"line":37,"column":25},"end":{"line":41,"column":18}},"15":{"start":{"line":42,"column":4},"end":{"line":42,"column":73}},"16":{"start":{"line":42,"column":21},"end":{"line":42,"column":73}},"17":{"start":{"line":43,"column":4},"end":{"line":43,"column":22}},"18":{"start":{"line":47,"column":25},"end":{"line":50,"column":18}},"19":{"start":{"line":51,"column":4},"end":{"line":51,"column":73}},"20":{"start":{"line":51,"column":21},"end":{"line":51,"column":73}},"21":{"start":{"line":52,"column":4},"end":{"line":52,"column":22}},"22":{"start":{"line":9,"column":13},"end":{"line":9,"column":31}},"23":{"start":{"line":9,"column":13},"end":{"line":54,"column":null}}},"fnMap":{"0":{"name":"(anonymous_13)","decl":{"start":{"line":10,"column":2},"end":{"line":10,"column":null}},"loc":{"start":{"line":12,"column":54},"end":{"line":13,"column":6}}},"1":{"name":"(anonymous_14)","decl":{"start":{"line":15,"column":2},"end":{"line":15,"column":7}},"loc":{"start":{"line":15,"column":55},"end":{"line":22,"column":3}}},"2":{"name":"(anonymous_15)","decl":{"start":{"line":24,"column":2},"end":{"line":24,"column":7}},"loc":{"start":{"line":24,"column":15},"end":{"line":26,"column":3}}},"3":{"name":"(anonymous_16)","decl":{"start":{"line":28,"column":2},"end":{"line":28,"column":7}},"loc":{"start":{"line":28,"column":26},"end":{"line":34,"column":3}}},"4":{"name":"(anonymous_17)","decl":{"start":{"line":36,"column":2},"end":{"line":36,"column":7}},"loc":{"start":{"line":36,"column":67},"end":{"line":44,"column":3}}},"5":{"name":"(anonymous_18)","decl":{"start":{"line":46,"column":2},"end":{"line":46,"column":7}},"loc":{"start":{"line":46,"column":25},"end":{"line":53,"column":3}}}},"branchMap":{"0":{"loc":{"start":{"line":32,"column":4},"end":{"line":32,"column":73}},"type":"if","locations":[{"start":{"line":32,"column":4},"end":{"line":32,"column":73}},{"start":{},"end":{}}]},"1":{"loc":{"start":{"line":42,"column":4},"end":{"line":42,"column":73}},"type":"if","locations":[{"start":{"line":42,"column":4},"end":{"line":42,"column":73}},{"start":{},"end":{}}]},"2":{"loc":{"start":{"line":51,"column":4},"end":{"line":51,"column":73}},"type":"if","locations":[{"start":{"line":51,"column":4},"end":{"line":51,"column":73}},{"start":{},"end":{}}]},"3":{"loc":{"start":{"line":12,"column":25},"end":{"line":12,"column":54}},"type":"cond-expr","locations":[{"start":{"line":12,"column":39},"end":{"line":12,"column":54}},{"start":{"line":12,"column":39},"end":{"line":12,"column":54}}]},"4":{"loc":{"start":{"line":12,"column":25},"end":{"line":12,"column":39}},"type":"binary-expr","locations":[{"start":{"line":12,"column":25},"end":{"line":12,"column":54}},{"start":{"line":12,"column":25},"end":{"line":12,"column":39}}]}},"s":{"0":0,"1":0,"2":0,"3":0,"4":0,"5":0,"6":0,"7":0,"8":0,"9":0,"10":0,"11":0,"12":0,"13":0,"14":0,"15":0,"16":0,"17":0,"18":0,"19":0,"20":0,"21":0,"22":0,"23":0},"f":{"0":0,"1":0,"2":0,"3":0,"4":0,"5":0},"b":{"0":[0,0],"1":[0,0],"2":[0,0],"3":[0,0],"4":[0,0]}}
,"C:\\Users\\diogomasc\\Documents\\workspace\\api-kanban-nest\\api-kanban\\src\\modules\\departments\\dto\\create-department.dto.ts": {"path":"C:\\Users\\diogomasc\\Documents\\workspace\\api-kanban-nest\\api-kanban\\src\\modules\\departments\\dto\\create-department.dto.ts","statementMap":{"0":{"start":{"line":1,"column":0},"end":{"line":1,"column":42}},"1":{"start":{"line":2,"column":0},"end":{"line":2,"column":24}},"2":{"start":{"line":4,"column":13},"end":{"line":7,"column":3}},"3":{"start":{"line":9,"column":0},"end":{"line":9,"column":13}}},"fnMap":{},"branchMap":{},"s":{"0":0,"1":0,"2":0,"3":0},"f":{},"b":{}}
,"C:\\Users\\diogomasc\\Documents\\workspace\\api-kanban-nest\\api-kanban\\src\\modules\\notes\\notes.controller.ts": {"path":"C:\\Users\\diogomasc\\Documents\\workspace\\api-kanban-nest\\api-kanban\\src\\modules\\notes\\notes.controller.ts","statementMap":{"0":{"start":{"line":1,"column":0},"end":{"line":1,"column":null}},"1":{"start":{"line":10,"column":0},"end":{"line":10,"column":47}},"2":{"start":{"line":11,"column":0},"end":{"line":11,"column":54}},"3":{"start":{"line":12,"column":0},"end":{"line":12,"column":56}},"4":{"start":{"line":16,"column":7},"end":{"line":48,"column":null}},"5":{"start":{"line":17,"column":31},"end":{"line":17,"column":45}},"6":{"start":{"line":22,"column":4},"end":{"line":22,"column":51}},"7":{"start":{"line":28,"column":4},"end":{"line":28,"column":39}},"8":{"start":{"line":34,"column":4},"end":{"line":34,"column":41}},"9":{"start":{"line":40,"column":4},"end":{"line":40,"column":55}},"10":{"start":{"line":46,"column":4},"end":{"line":46,"column":40}},"11":{"start":{"line":16,"column":13},"end":{"line":16,"column":28}},"12":{"start":{"line":21,"column":2},"end":{"line":23,"column":null}},"13":{"start":{"line":27,"column":2},"end":{"line":29,"column":null}},"14":{"start":{"line":33,"column":2},"end":{"line":35,"column":null}},"15":{"start":{"line":39,"column":2},"end":{"line":41,"column":null}},"16":{"start":{"line":45,"column":2},"end":{"line":47,"column":null}},"17":{"start":{"line":16,"column":13},"end":{"line":48,"column":null}}},"fnMap":{"0":{"name":"(anonymous_4)","decl":{"start":{"line":17,"column":2},"end":{"line":17,"column":31}},"loc":{"start":{"line":17,"column":57},"end":{"line":17,"column":61}}},"1":{"name":"(anonymous_5)","decl":{"start":{"line":21,"column":2},"end":{"line":21,"column":8}},"loc":{"start":{"line":21,"column":45},"end":{"line":23,"column":3}}},"2":{"name":"(anonymous_6)","decl":{"start":{"line":27,"column":2},"end":{"line":27,"column":9}},"loc":{"start":{"line":27,"column":9},"end":{"line":29,"column":3}}},"3":{"name":"(anonymous_7)","decl":{"start":{"line":33,"column":2},"end":{"line":33,"column":9}},"loc":{"start":{"line":33,"column":33},"end":{"line":35,"column":3}}},"4":{"name":"(anonymous_8)","decl":{"start":{"line":39,"column":2},"end":{"line":39,"column":8}},"loc":{"start":{"line":39,"column":70},"end":{"line":41,"column":3}}},"5":{"name":"(anonymous_9)","decl":{"start":{"line":45,"column":2},"end":{"line":45,"column":8}},"loc":{"start":{"line":45,"column":32},"end":{"line":47,"column":3}}}},"branchMap":{"0":{"loc":{"start":{"line":21,"column":32},"end":{"line":21,"column":null}},"type":"cond-expr","locations":[{"start":{"line":21,"column":45},"end":{"line":21,"column":null}},{"start":{"line":21,"column":45},"end":{"line":21,"column":null}}]},"1":{"loc":{"start":{"line":21,"column":32},"end":{"line":21,"column":45}},"type":"binary-expr","locations":[{"start":{"line":21,"column":32},"end":{"line":21,"column":null}},{"start":{"line":21,"column":32},"end":{"line":21,"column":45}}]},"2":{"loc":{"start":{"line":39,"column":57},"end":{"line":39,"column":null}},"type":"cond-expr","locations":[{"start":{"line":39,"column":70},"end":{"line":39,"column":null}},{"start":{"line":39,"column":70},"end":{"line":39,"column":null}}]},"3":{"loc":{"start":{"line":39,"column":57},"end":{"line":39,"column":70}},"type":"binary-expr","locations":[{"start":{"line":39,"column":57},"end":{"line":39,"column":null}},{"start":{"line":39,"column":57},"end":{"line":39,"column":70}}]},"4":{"loc":{"start":{"line":17,"column":45},"end":{"line":17,"column":60}},"type":"cond-expr","locations":[{"start":{"line":17,"column":57},"end":{"line":17,"column":60}},{"start":{"line":17,"column":57},"end":{"line":17,"column":60}}]},"5":{"loc":{"start":{"line":17,"column":45},"end":{"line":17,"column":57}},"type":"binary-expr","locations":[{"start":{"line":17,"column":45},"end":{"line":17,"column":60}},{"start":{"line":17,"column":45},"end":{"line":17,"column":57}}]}},"s":{"0":0,"1":0,"2":0,"3":0,"4":0,"5":0,"6":0,"7":0,"8":0,"9":0,"10":0,"11":0,"12":0,"13":0,"14":0,"15":0,"16":0,"17":0},"f":{"0":0,"1":0,"2":0,"3":0,"4":0,"5":0},"b":{"0":[0,0],"1":[0,0],"2":[0,0],"3":[0,0],"4":[0,0],"5":[0,0]}}
,"C:\\Users\\diogomasc\\Documents\\workspace\\api-kanban-nest\\api-kanban\\src\\modules\\notes\\notes.module.ts": {"path":"C:\\Users\\diogomasc\\Documents\\workspace\\api-kanban-nest\\api-kanban\\src\\modules\\notes\\notes.module.ts","statementMap":{"0":{"start":{"line":1,"column":0},"end":{"line":1,"column":40}},"1":{"start":{"line":2,"column":0},"end":{"line":2,"column":47}},"2":{"start":{"line":3,"column":0},"end":{"line":3,"column":53}},"3":{"start":{"line":9,"column":7},"end":{"line":9,"column":null}},"4":{"start":{"line":9,"column":13},"end":{"line":9,"column":24}},"5":{"start":{"line":9,"column":13},"end":{"line":9,"column":null}}},"fnMap":{},"branchMap":{},"s":{"0":0,"1":0,"2":0,"3":0,"4":0,"5":0},"f":{},"b":{}}
,"C:\\Users\\diogomasc\\Documents\\workspace\\api-kanban-nest\\api-kanban\\src\\modules\\notes\\notes.service.ts": {"path":"C:\\Users\\diogomasc\\Documents\\workspace\\api-kanban-nest\\api-kanban\\src\\modules\\notes\\notes.service.ts","statementMap":{"0":{"start":{"line":1,"column":0},"end":{"line":1,"column":71}},"1":{"start":{"line":2,"column":0},"end":{"line":2,"column":69}},"2":{"start":{"line":3,"column":0},"end":{"line":3,"column":59}},"3":{"start":{"line":4,"column":0},"end":{"line":4,"column":48}},"4":{"start":{"line":6,"column":0},"end":{"line":6,"column":33}},"5":{"start":{"line":9,"column":7},"end":{"line":137,"column":null}},"6":{"start":{"line":12,"column":21},"end":{"line":12,"column":25}},"7":{"start":{"line":16,"column":61},"end":{"line":16,"column":74}},"8":{"start":{"line":19,"column":25},"end":{"line":19,"column":59}},"9":{"start":{"line":21,"column":4},"end":{"line":53,"column":7}},"10":{"start":{"line":22,"column":21},"end":{"line":28,"column":20}},"11":{"start":{"line":30,"column":6},"end":{"line":37,"column":7}},"12":{"start":{"line":31,"column":8},"end":{"line":36,"column":10}},"13":{"start":{"line":32,"column":33},"end":{"line":35,"column":12}},"14":{"start":{"line":39,"column":6},"end":{"line":46,"column":7}},"15":{"start":{"line":40,"column":8},"end":{"line":45,"column":10}},"16":{"start":{"line":41,"column":49},"end":{"line":44,"column":12}},"17":{"start":{"line":52,"column":6},"end":{"line":52,"column":18}},"18":{"start":{"line":57,"column":4},"end":{"line":64,"column":7}},"19":{"start":{"line":68,"column":17},"end":{"line":75,"column":6}},"20":{"start":{"line":76,"column":4},"end":{"line":76,"column":61}},"21":{"start":{"line":76,"column":15},"end":{"line":76,"column":61}},"22":{"start":{"line":77,"column":4},"end":{"line":77,"column":16}},"23":{"start":{"line":81,"column":61},"end":{"line":81,"column":74}},"24":{"start":{"line":82,"column":25},"end":{"line":82,"column":59}},"25":{"start":{"line":84,"column":4},"end":{"line":118,"column":7}},"26":{"start":{"line":85,"column":21},"end":{"line":89,"column":20}},"27":{"start":{"line":91,"column":6},"end":{"line":91,"column":63}},"28":{"start":{"line":91,"column":17},"end":{"line":91,"column":63}},"29":{"start":{"line":94,"column":6},"end":{"line":94,"column":77}},"30":{"start":{"line":95,"column":6},"end":{"line":102,"column":7}},"31":{"start":{"line":96,"column":8},"end":{"line":101,"column":10}},"32":{"start":{"line":97,"column":33},"end":{"line":100,"column":12}},"33":{"start":{"line":105,"column":6},"end":{"line":107,"column":55}},"34":{"start":{"line":108,"column":6},"end":{"line":115,"column":7}},"35":{"start":{"line":109,"column":8},"end":{"line":114,"column":10}},"36":{"start":{"line":110,"column":49},"end":{"line":113,"column":12}},"37":{"start":{"line":117,"column":6},"end":{"line":117,"column":18}},"38":{"start":{"line":125,"column":4},"end":{"line":125,"column":80}},"39":{"start":{"line":126,"column":4},"end":{"line":128,"column":53}},"40":{"start":{"line":130,"column":19},"end":{"line":133,"column":18}},"41":{"start":{"line":134,"column":4},"end":{"line":134,"column":61}},"42":{"start":{"line":134,"column":15},"end":{"line":134,"column":61}},"43":{"start":{"line":135,"column":4},"end":{"line":135,"column":16}},"44":{"start":{"line":9,"column":13},"end":{"line":9,"column":25}},"45":{"start":{"line":9,"column":13},"end":{"line":137,"column":null}}},"fnMap":{"0":{"name":"(anonymous_13)","decl":{"start":{"line":10,"column":2},"end":{"line":10,"column":null}},"loc":{"start":{"line":12,"column":54},"end":{"line":13,"column":6}}},"1":{"name":"(anonymous_14)","decl":{"start":{"line":15,"column":2},"end":{"line":15,"column":7}},"loc":{"start":{"line":15,"column":43},"end":{"line":54,"column":3}}},"2":{"name":"(anonymous_15)","decl":{"start":{"line":21,"column":37},"end":{"line":21,"column":42}},"loc":{"start":{"line":21,"column":50},"end":{"line":53,"column":5}}},"3":{"name":"(anonymous_16)","decl":{"start":{"line":32,"column":21},"end":{"line":32,"column":22}},"loc":{"start":{"line":32,"column":33},"end":{"line":35,"column":12}}},"4":{"name":"(anonymous_17)","decl":{"start":{"line":41,"column":29},"end":{"line":41,"column":30}},"loc":{"start":{"line":41,"column":49},"end":{"line":44,"column":12}}},"5":{"name":"(anonymous_18)","decl":{"start":{"line":56,"column":2},"end":{"line":56,"column":7}},"loc":{"start":{"line":56,"column":15},"end":{"line":65,"column":3}}},"6":{"name":"(anonymous_19)","decl":{"start":{"line":67,"column":2},"end":{"line":67,"column":7}},"loc":{"start":{"line":67,"column":26},"end":{"line":78,"column":3}}},"7":{"name":"(anonymous_20)","decl":{"start":{"line":80,"column":2},"end":{"line":80,"column":7}},"loc":{"start":{"line":80,"column":55},"end":{"line":119,"column":3}}},"8":{"name":"(anonymous_21)","decl":{"start":{"line":84,"column":37},"end":{"line":84,"column":42}},"loc":{"start":{"line":84,"column":50},"end":{"line":118,"column":5}}},"9":{"name":"(anonymous_22)","decl":{"start":{"line":97,"column":21},"end":{"line":97,"column":22}},"loc":{"start":{"line":97,"column":33},"end":{"line":100,"column":12}}},"10":{"name":"(anonymous_23)","decl":{"start":{"line":110,"column":29},"end":{"line":110,"column":30}},"loc":{"start":{"line":110,"column":49},"end":{"line":113,"column":12}}},"11":{"name":"(anonymous_24)","decl":{"start":{"line":121,"column":2},"end":{"line":121,"column":7}},"loc":{"start":{"line":121,"column":25},"end":{"line":136,"column":3}}}},"branchMap":{"0":{"loc":{"start":{"line":19,"column":25},"end":{"line":19,"column":59}},"type":"cond-expr","locations":[{"start":{"line":19,"column":35},"end":{"line":19,"column":52}},{"start":{"line":19,"column":55},"end":{"line":19,"column":59}}]},"1":{"loc":{"start":{"line":30,"column":6},"end":{"line":37,"column":7}},"type":"if","locations":[{"start":{"line":30,"column":6},"end":{"line":37,"column":7}},{"start":{},"end":{}}]},"2":{"loc":{"start":{"line":30,"column":10},"end":{"line":30,"column":37}},"type":"binary-expr","locations":[{"start":{"line":30,"column":10},"end":{"line":30,"column":16}},{"start":{"line":30,"column":20},"end":{"line":30,"column":37}}]},"3":{"loc":{"start":{"line":39,"column":6},"end":{"line":46,"column":7}},"type":"if","locations":[{"start":{"line":39,"column":6},"end":{"line":46,"column":7}},{"start":{},"end":{}}]},"4":{"loc":{"start":{"line":39,"column":10},"end":{"line":39,"column":53}},"type":"binary-expr","locations":[{"start":{"line":39,"column":10},"end":{"line":39,"column":24}},{"start":{"line":39,"column":28},"end":{"line":39,"column":53}}]},"5":{"loc":{"start":{"line":76,"column":4},"end":{"line":76,"column":61}},"type":"if","locations":[{"start":{"line":76,"column":4},"end":{"line":76,"column":61}},{"start":{},"end":{}}]},"6":{"loc":{"start":{"line":82,"column":25},"end":{"line":82,"column":59}},"type":"cond-expr","locations":[{"start":{"line":82,"column":35},"end":{"line":82,"column":52}},{"start":{"line":82,"column":55},"end":{"line":82,"column":59}}]},"7":{"loc":{"start":{"line":91,"column":6},"end":{"line":91,"column":63}},"type":"if","locations":[{"start":{"line":91,"column":6},"end":{"line":91,"column":63}},{"start":{},"end":{}}]},"8":{"loc":{"start":{"line":95,"column":6},"end":{"line":102,"column":7}},"type":"if","locations":[{"start":{"line":95,"column":6},"end":{"line":102,"column":7}},{"start":{},"end":{}}]},"9":{"loc":{"start":{"line":95,"column":10},"end":{"line":95,"column":37}},"type":"binary-expr","locations":[{"start":{"line":95,"column":10},"end":{"line":95,"column":16}},{"start":{"line":95,"column":20},"end":{"line":95,"column":37}}]},"10":{"loc":{"start":{"line":108,"column":6},"end":{"line":115,"column":7}},"type":"if","locations":[{"start":{"line":108,"column":6},"end":{"line":115,"column":7}},{"start":{},"end":{}}]},"11":{"loc":{"start":{"line":108,"column":10},"end":{"line":108,"column":53}},"type":"binary-expr","locations":[{"start":{"line":108,"column":10},"end":{"line":108,"column":24}},{"start":{"line":108,"column":28},"end":{"line":108,"column":53}}]},"12":{"loc":{"start":{"line":134,"column":4},"end":{"line":134,"column":61}},"type":"if","locations":[{"start":{"line":134,"column":4},"end":{"line":134,"column":61}},{"start":{},"end":{}}]},"13":{"loc":{"start":{"line":12,"column":25},"end":{"line":12,"column":54}},"type":"cond-expr","locations":[{"start":{"line":12,"column":39},"end":{"line":12,"column":54}},{"start":{"line":12,"column":39},"end":{"line":12,"column":54}}]},"14":{"loc":{"start":{"line":12,"column":25},"end":{"line":12,"column":39}},"type":"binary-expr","locations":[{"start":{"line":12,"column":25},"end":{"line":12,"column":54}},{"start":{"line":12,"column":25},"end":{"line":12,"column":39}}]}},"s":{"0":0,"1":0,"2":0,"3":0,"4":0,"5":0,"6":0,"7":0,"8":0,"9":0,"10":0,"11":0,"12":0,"13":0,"14":0,"15":0,"16":0,"17":0,"18":0,"19":0,"20":0,"21":0,"22":0,"23":0,"24":0,"25":0,"26":0,"27":0,"28":0,"29":0,"30":0,"31":0,"32":0,"33":0,"34":0,"35":0,"36":0,"37":0,"38":0,"39":0,"40":0,"41":0,"42":0,"43":0,"44":0,"45":0},"f":{"0":0,"1":0,"2":0,"3":0,"4":0,"5":0,"6":0,"7":0,"8":0,"9":0,"10":0,"11":0},"b":{"0":[0,0],"1":[0,0],"2":[0,0],"3":[0,0],"4":[0,0],"5":[0,0],"6":[0,0],"7":[0,0],"8":[0,0],"9":[0,0],"10":[0,0],"11":[0,0],"12":[0,0],"13":[0,0],"14":[0,0]}}
,"C:\\Users\\diogomasc\\Documents\\workspace\\api-kanban-nest\\api-kanban\\src\\modules\\notes\\dto\\create-note.dto.ts": {"path":"C:\\Users\\diogomasc\\Documents\\workspace\\api-kanban-nest\\api-kanban\\src\\modules\\notes\\dto\\create-note.dto.ts","statementMap":{"0":{"start":{"line":1,"column":0},"end":{"line":1,"column":42}},"1":{"start":{"line":2,"column":0},"end":{"line":2,"column":24}},"2":{"start":{"line":4,"column":13},"end":{"line":13,"column":3}},"3":{"start":{"line":15,"column":0},"end":{"line":15,"column":13}}},"fnMap":{},"branchMap":{},"s":{"0":0,"1":0,"2":0,"3":0},"f":{},"b":{}}
,"C:\\Users\\diogomasc\\Documents\\workspace\\api-kanban-nest\\api-kanban\\src\\modules\\priorities\\priorities.controller.ts": {"path":"C:\\Users\\diogomasc\\Documents\\workspace\\api-kanban-nest\\api-kanban\\src\\modules\\priorities\\priorities.controller.ts","statementMap":{"0":{"start":{"line":1,"column":0},"end":{"line":1,"column":null}},"1":{"start":{"line":10,"column":0},"end":{"line":10,"column":57}},"2":{"start":{"line":11,"column":0},"end":{"line":11,"column":62}},"3":{"start":{"line":12,"column":0},"end":{"line":12,"column":56}},"4":{"start":{"line":16,"column":7},"end":{"line":51,"column":null}},"5":{"start":{"line":17,"column":31},"end":{"line":17,"column":50}},"6":{"start":{"line":22,"column":4},"end":{"line":22,"column":60}},"7":{"start":{"line":28,"column":4},"end":{"line":28,"column":44}},"8":{"start":{"line":34,"column":4},"end":{"line":34,"column":46}},"9":{"start":{"line":43,"column":4},"end":{"line":43,"column":64}},"10":{"start":{"line":49,"column":4},"end":{"line":49,"column":45}},"11":{"start":{"line":16,"column":13},"end":{"line":16,"column":33}},"12":{"start":{"line":21,"column":2},"end":{"line":23,"column":null}},"13":{"start":{"line":27,"column":2},"end":{"line":29,"column":null}},"14":{"start":{"line":33,"column":2},"end":{"line":35,"column":null}},"15":{"start":{"line":39,"column":2},"end":{"line":44,"column":null}},"16":{"start":{"line":48,"column":2},"end":{"line":50,"column":null}},"17":{"start":{"line":16,"column":13},"end":{"line":51,"column":null}}},"fnMap":{"0":{"name":"(anonymous_4)","decl":{"start":{"line":17,"column":2},"end":{"line":17,"column":31}},"loc":{"start":{"line":17,"column":67},"end":{"line":17,"column":71}}},"1":{"name":"(anonymous_5)","decl":{"start":{"line":21,"column":2},"end":{"line":21,"column":8}},"loc":{"start":{"line":21,"column":53},"end":{"line":23,"column":3}}},"2":{"name":"(anonymous_6)","decl":{"start":{"line":27,"column":2},"end":{"line":27,"column":9}},"loc":{"start":{"line":27,"column":9},"end":{"line":29,"column":3}}},"3":{"name":"(anonymous_7)","decl":{"start":{"line":33,"column":2},"end":{"line":33,"column":9}},"loc":{"start":{"line":33,"column":33},"end":{"line":35,"column":3}}},"4":{"name":"(anonymous_8)","decl":{"start":{"line":39,"column":2},"end":{"line":39,"column":8}},"loc":{"start":{"line":41,"column":48},"end":{"line":44,"column":3}}},"5":{"name":"(anonymous_9)","decl":{"start":{"line":48,"column":2},"end":{"line":48,"column":8}},"loc":{"start":{"line":48,"column":32},"end":{"line":50,"column":3}}}},"branchMap":{"0":{"loc":{"start":{"line":21,"column":36},"end":{"line":21,"column":null}},"type":"cond-expr","locations":[{"start":{"line":21,"column":53},"end":{"line":21,"column":null}},{"start":{"line":21,"column":53},"end":{"line":21,"column":null}}]},"1":{"loc":{"start":{"line":21,"column":36},"end":{"line":21,"column":53}},"type":"binary-expr","locations":[{"start":{"line":21,"column":36},"end":{"line":21,"column":null}},{"start":{"line":21,"column":36},"end":{"line":21,"column":53}}]},"2":{"loc":{"start":{"line":41,"column":31},"end":{"line":41,"column":null}},"type":"cond-expr","locations":[{"start":{"line":41,"column":48},"end":{"line":41,"column":null}},{"start":{"line":41,"column":48},"end":{"line":41,"column":null}}]},"3":{"loc":{"start":{"line":41,"column":31},"end":{"line":41,"column":48}},"type":"binary-expr","locations":[{"start":{"line":41,"column":31},"end":{"line":41,"column":null}},{"start":{"line":41,"column":31},"end":{"line":41,"column":48}}]},"4":{"loc":{"start":{"line":17,"column":50},"end":{"line":17,"column":70}},"type":"cond-expr","locations":[{"start":{"line":17,"column":67},"end":{"line":17,"column":70}},{"start":{"line":17,"column":67},"end":{"line":17,"column":70}}]},"5":{"loc":{"start":{"line":17,"column":50},"end":{"line":17,"column":67}},"type":"binary-expr","locations":[{"start":{"line":17,"column":50},"end":{"line":17,"column":70}},{"start":{"line":17,"column":50},"end":{"line":17,"column":67}}]}},"s":{"0":0,"1":0,"2":0,"3":0,"4":0,"5":0,"6":0,"7":0,"8":0,"9":0,"10":0,"11":0,"12":0,"13":0,"14":0,"15":0,"16":0,"17":0},"f":{"0":0,"1":0,"2":0,"3":0,"4":0,"5":0},"b":{"0":[0,0],"1":[0,0],"2":[0,0],"3":[0,0],"4":[0,0],"5":[0,0]}}
,"C:\\Users\\diogomasc\\Documents\\workspace\\api-kanban-nest\\api-kanban\\src\\modules\\priorities\\priorities.module.ts": {"path":"C:\\Users\\diogomasc\\Documents\\workspace\\api-kanban-nest\\api-kanban\\src\\modules\\priorities\\priorities.module.ts","statementMap":{"0":{"start":{"line":1,"column":0},"end":{"line":1,"column":40}},"1":{"start":{"line":2,"column":0},"end":{"line":2,"column":57}},"2":{"start":{"line":3,"column":0},"end":{"line":3,"column":63}},"3":{"start":{"line":9,"column":7},"end":{"line":9,"column":null}},"4":{"start":{"line":9,"column":13},"end":{"line":9,"column":29}},"5":{"start":{"line":9,"column":13},"end":{"line":9,"column":null}}},"fnMap":{},"branchMap":{},"s":{"0":0,"1":0,"2":0,"3":0,"4":0,"5":0},"f":{},"b":{}}
,"C:\\Users\\diogomasc\\Documents\\workspace\\api-kanban-nest\\api-kanban\\src\\modules\\priorities\\priorities.service.ts": {"path":"C:\\Users\\diogomasc\\Documents\\workspace\\api-kanban-nest\\api-kanban\\src\\modules\\priorities\\priorities.service.ts","statementMap":{"0":{"start":{"line":1,"column":0},"end":{"line":1,"column":71}},"1":{"start":{"line":2,"column":0},"end":{"line":2,"column":69}},"2":{"start":{"line":3,"column":0},"end":{"line":3,"column":59}},"3":{"start":{"line":4,"column":0},"end":{"line":4,"column":48}},"4":{"start":{"line":6,"column":0},"end":{"line":6,"column":33}},"5":{"start":{"line":9,"column":7},"end":{"line":53,"column":null}},"6":{"start":{"line":12,"column":21},"end":{"line":12,"column":25}},"7":{"start":{"line":16,"column":23},"end":{"line":19,"column":18}},"8":{"start":{"line":20,"column":4},"end":{"line":20,"column":20}},"9":{"start":{"line":24,"column":4},"end":{"line":24,"column":47}},"10":{"start":{"line":28,"column":21},"end":{"line":30,"column":6}},"11":{"start":{"line":31,"column":4},"end":{"line":31,"column":69}},"12":{"start":{"line":31,"column":19},"end":{"line":31,"column":69}},"13":{"start":{"line":32,"column":4},"end":{"line":32,"column":20}},"14":{"start":{"line":36,"column":23},"end":{"line":40,"column":18}},"15":{"start":{"line":41,"column":4},"end":{"line":41,"column":69}},"16":{"start":{"line":41,"column":19},"end":{"line":41,"column":69}},"17":{"start":{"line":42,"column":4},"end":{"line":42,"column":20}},"18":{"start":{"line":46,"column":23},"end":{"line":49,"column":18}},"19":{"start":{"line":50,"column":4},"end":{"line":50,"column":69}},"20":{"start":{"line":50,"column":19},"end":{"line":50,"column":69}},"21":{"start":{"line":51,"column":4},"end":{"line":51,"column":20}},"22":{"start":{"line":9,"column":13},"end":{"line":9,"column":30}},"23":{"start":{"line":9,"column":13},"end":{"line":53,"column":null}}},"fnMap":{"0":{"name":"(anonymous_13)","decl":{"start":{"line":10,"column":2},"end":{"line":10,"column":null}},"loc":{"start":{"line":12,"column":54},"end":{"line":13,"column":6}}},"1":{"name":"(anonymous_14)","decl":{"start":{"line":15,"column":2},"end":{"line":15,"column":7}},"loc":{"start":{"line":15,"column":51},"end":{"line":21,"column":3}}},"2":{"name":"(anonymous_15)","decl":{"start":{"line":23,"column":2},"end":{"line":23,"column":7}},"loc":{"start":{"line":23,"column":15},"end":{"line":25,"column":3}}},"3":{"name":"(anonymous_16)","decl":{"start":{"line":27,"column":2},"end":{"line":27,"column":7}},"loc":{"start":{"line":27,"column":26},"end":{"line":33,"column":3}}},"4":{"name":"(anonymous_17)","decl":{"start":{"line":35,"column":2},"end":{"line":35,"column":7}},"loc":{"start":{"line":35,"column":63},"end":{"line":43,"column":3}}},"5":{"name":"(anonymous_18)","decl":{"start":{"line":45,"column":2},"end":{"line":45,"column":7}},"loc":{"start":{"line":45,"column":25},"end":{"line":52,"column":3}}}},"branchMap":{"0":{"loc":{"start":{"line":31,"column":4},"end":{"line":31,"column":69}},"type":"if","locations":[{"start":{"line":31,"column":4},"end":{"line":31,"column":69}},{"start":{},"end":{}}]},"1":{"loc":{"start":{"line":41,"column":4},"end":{"line":41,"column":69}},"type":"if","locations":[{"start":{"line":41,"column":4},"end":{"line":41,"column":69}},{"start":{},"end":{}}]},"2":{"loc":{"start":{"line":50,"column":4},"end":{"line":50,"column":69}},"type":"if","locations":[{"start":{"line":50,"column":4},"end":{"line":50,"column":69}},{"start":{},"end":{}}]},"3":{"loc":{"start":{"line":12,"column":25},"end":{"line":12,"column":54}},"type":"cond-expr","locations":[{"start":{"line":12,"column":39},"end":{"line":12,"column":54}},{"start":{"line":12,"column":39},"end":{"line":12,"column":54}}]},"4":{"loc":{"start":{"line":12,"column":25},"end":{"line":12,"column":39}},"type":"binary-expr","locations":[{"start":{"line":12,"column":25},"end":{"line":12,"column":54}},{"start":{"line":12,"column":25},"end":{"line":12,"column":39}}]}},"s":{"0":0,"1":0,"2":0,"3":0,"4":0,"5":0,"6":0,"7":0,"8":0,"9":0,"10":0,"11":0,"12":0,"13":0,"14":0,"15":0,"16":0,"17":0,"18":0,"19":0,"20":0,"21":0,"22":0,"23":0},"f":{"0":0,"1":0,"2":0,"3":0,"4":0,"5":0},"b":{"0":[0,0],"1":[0,0],"2":[0,0],"3":[0,0],"4":[0,0]}}
,"C:\\Users\\diogomasc\\Documents\\workspace\\api-kanban-nest\\api-kanban\\src\\modules\\priorities\\dto\\create-priority.dto.ts": {"path":"C:\\Users\\diogomasc\\Documents\\workspace\\api-kanban-nest\\api-kanban\\src\\modules\\priorities\\dto\\create-priority.dto.ts","statementMap":{"0":{"start":{"line":1,"column":0},"end":{"line":1,"column":42}},"1":{"start":{"line":2,"column":0},"end":{"line":2,"column":24}},"2":{"start":{"line":4,"column":13},"end":{"line":8,"column":3}},"3":{"start":{"line":10,"column":0},"end":{"line":10,"column":13}}},"fnMap":{},"branchMap":{},"s":{"0":0,"1":0,"2":0,"3":0},"f":{},"b":{}}
,"C:\\Users\\diogomasc\\Documents\\workspace\\api-kanban-nest\\api-kanban\\src\\modules\\responsibles\\responsibles.controller.ts": {"path":"C:\\Users\\diogomasc\\Documents\\workspace\\api-kanban-nest\\api-kanban\\src\\modules\\responsibles\\responsibles.controller.ts","statementMap":{"0":{"start":{"line":1,"column":0},"end":{"line":1,"column":null}},"1":{"start":{"line":10,"column":0},"end":{"line":10,"column":61}},"2":{"start":{"line":11,"column":0},"end":{"line":11,"column":68}},"3":{"start":{"line":12,"column":0},"end":{"line":12,"column":56}},"4":{"start":{"line":16,"column":7},"end":{"line":51,"column":null}},"5":{"start":{"line":17,"column":31},"end":{"line":17,"column":52}},"6":{"start":{"line":22,"column":4},"end":{"line":22,"column":65}},"7":{"start":{"line":28,"column":4},"end":{"line":28,"column":46}},"8":{"start":{"line":34,"column":4},"end":{"line":34,"column":48}},"9":{"start":{"line":43,"column":4},"end":{"line":43,"column":69}},"10":{"start":{"line":49,"column":4},"end":{"line":49,"column":47}},"11":{"start":{"line":16,"column":13},"end":{"line":16,"column":35}},"12":{"start":{"line":21,"column":2},"end":{"line":23,"column":null}},"13":{"start":{"line":27,"column":2},"end":{"line":29,"column":null}},"14":{"start":{"line":33,"column":2},"end":{"line":35,"column":null}},"15":{"start":{"line":39,"column":2},"end":{"line":44,"column":null}},"16":{"start":{"line":48,"column":2},"end":{"line":50,"column":null}},"17":{"start":{"line":16,"column":13},"end":{"line":51,"column":null}}},"fnMap":{"0":{"name":"(anonymous_4)","decl":{"start":{"line":17,"column":2},"end":{"line":17,"column":31}},"loc":{"start":{"line":17,"column":71},"end":{"line":17,"column":75}}},"1":{"name":"(anonymous_5)","decl":{"start":{"line":21,"column":2},"end":{"line":21,"column":8}},"loc":{"start":{"line":21,"column":59},"end":{"line":23,"column":3}}},"2":{"name":"(anonymous_6)","decl":{"start":{"line":27,"column":2},"end":{"line":27,"column":9}},"loc":{"start":{"line":27,"column":9},"end":{"line":29,"column":3}}},"3":{"name":"(anonymous_7)","decl":{"start":{"line":33,"column":2},"end":{"line":33,"column":9}},"loc":{"start":{"line":33,"column":33},"end":{"line":35,"column":3}}},"4":{"name":"(anonymous_8)","decl":{"start":{"line":39,"column":2},"end":{"line":39,"column":8}},"loc":{"start":{"line":41,"column":54},"end":{"line":44,"column":3}}},"5":{"name":"(anonymous_9)","decl":{"start":{"line":48,"column":2},"end":{"line":48,"column":8}},"loc":{"start":{"line":48,"column":32},"end":{"line":50,"column":3}}}},"branchMap":{"0":{"loc":{"start":{"line":21,"column":39},"end":{"line":21,"column":null}},"type":"cond-expr","locations":[{"start":{"line":21,"column":59},"end":{"line":21,"column":null}},{"start":{"line":21,"column":59},"end":{"line":21,"column":null}}]},"1":{"loc":{"start":{"line":21,"column":39},"end":{"line":21,"column":59}},"type":"binary-expr","locations":[{"start":{"line":21,"column":39},"end":{"line":21,"column":null}},{"start":{"line":21,"column":39},"end":{"line":21,"column":59}}]},"2":{"loc":{"start":{"line":41,"column":34},"end":{"line":41,"column":null}},"type":"cond-expr","locations":[{"start":{"line":41,"column":54},"end":{"line":41,"column":null}},{"start":{"line":41,"column":54},"end":{"line":41,"column":null}}]},"3":{"loc":{"start":{"line":41,"column":34},"end":{"line":41,"column":54}},"type":"binary-expr","locations":[{"start":{"line":41,"column":34},"end":{"line":41,"column":null}},{"start":{"line":41,"column":34},"end":{"line":41,"column":54}}]},"4":{"loc":{"start":{"line":17,"column":52},"end":{"line":17,"column":74}},"type":"cond-expr","locations":[{"start":{"line":17,"column":71},"end":{"line":17,"column":74}},{"start":{"line":17,"column":71},"end":{"line":17,"column":74}}]},"5":{"loc":{"start":{"line":17,"column":52},"end":{"line":17,"column":71}},"type":"binary-expr","locations":[{"start":{"line":17,"column":52},"end":{"line":17,"column":74}},{"start":{"line":17,"column":52},"end":{"line":17,"column":71}}]}},"s":{"0":0,"1":0,"2":0,"3":0,"4":0,"5":0,"6":0,"7":0,"8":0,"9":0,"10":0,"11":0,"12":0,"13":0,"14":0,"15":0,"16":0,"17":0},"f":{"0":0,"1":0,"2":0,"3":0,"4":0,"5":0},"b":{"0":[0,0],"1":[0,0],"2":[0,0],"3":[0,0],"4":[0,0],"5":[0,0]}}
,"C:\\Users\\diogomasc\\Documents\\workspace\\api-kanban-nest\\api-kanban\\src\\modules\\responsibles\\responsibles.module.ts": {"path":"C:\\Users\\diogomasc\\Documents\\workspace\\api-kanban-nest\\api-kanban\\src\\modules\\responsibles\\responsibles.module.ts","statementMap":{"0":{"start":{"line":1,"column":0},"end":{"line":1,"column":40}},"1":{"start":{"line":2,"column":0},"end":{"line":2,"column":61}},"2":{"start":{"line":3,"column":0},"end":{"line":3,"column":67}},"3":{"start":{"line":9,"column":7},"end":{"line":9,"column":null}},"4":{"start":{"line":9,"column":13},"end":{"line":9,"column":31}},"5":{"start":{"line":9,"column":13},"end":{"line":9,"column":null}}},"fnMap":{},"branchMap":{},"s":{"0":0,"1":0,"2":0,"3":0,"4":0,"5":0},"f":{},"b":{}}
,"C:\\Users\\diogomasc\\Documents\\workspace\\api-kanban-nest\\api-kanban\\src\\modules\\responsibles\\responsibles.service.ts": {"path":"C:\\Users\\diogomasc\\Documents\\workspace\\api-kanban-nest\\api-kanban\\src\\modules\\responsibles\\responsibles.service.ts","statementMap":{"0":{"start":{"line":1,"column":0},"end":{"line":1,"column":71}},"1":{"start":{"line":2,"column":0},"end":{"line":2,"column":69}},"2":{"start":{"line":3,"column":0},"end":{"line":3,"column":59}},"3":{"start":{"line":4,"column":0},"end":{"line":4,"column":48}},"4":{"start":{"line":6,"column":0},"end":{"line":6,"column":33}},"5":{"start":{"line":9,"column":7},"end":{"line":53,"column":null}},"6":{"start":{"line":12,"column":21},"end":{"line":12,"column":25}},"7":{"start":{"line":16,"column":26},"end":{"line":19,"column":18}},"8":{"start":{"line":20,"column":4},"end":{"line":20,"column":23}},"9":{"start":{"line":24,"column":4},"end":{"line":24,"column":49}},"10":{"start":{"line":28,"column":24},"end":{"line":30,"column":6}},"11":{"start":{"line":31,"column":4},"end":{"line":31,"column":75}},"12":{"start":{"line":31,"column":22},"end":{"line":31,"column":75}},"13":{"start":{"line":32,"column":4},"end":{"line":32,"column":23}},"14":{"start":{"line":36,"column":26},"end":{"line":40,"column":18}},"15":{"start":{"line":41,"column":4},"end":{"line":41,"column":75}},"16":{"start":{"line":41,"column":22},"end":{"line":41,"column":75}},"17":{"start":{"line":42,"column":4},"end":{"line":42,"column":23}},"18":{"start":{"line":46,"column":26},"end":{"line":49,"column":18}},"19":{"start":{"line":50,"column":4},"end":{"line":50,"column":75}},"20":{"start":{"line":50,"column":22},"end":{"line":50,"column":75}},"21":{"start":{"line":51,"column":4},"end":{"line":51,"column":23}},"22":{"start":{"line":9,"column":13},"end":{"line":9,"column":32}},"23":{"start":{"line":9,"column":13},"end":{"line":53,"column":null}}},"fnMap":{"0":{"name":"(anonymous_13)","decl":{"start":{"line":10,"column":2},"end":{"line":10,"column":null}},"loc":{"start":{"line":12,"column":54},"end":{"line":13,"column":6}}},"1":{"name":"(anonymous_14)","decl":{"start":{"line":15,"column":2},"end":{"line":15,"column":7}},"loc":{"start":{"line":15,"column":57},"end":{"line":21,"column":3}}},"2":{"name":"(anonymous_15)","decl":{"start":{"line":23,"column":2},"end":{"line":23,"column":7}},"loc":{"start":{"line":23,"column":15},"end":{"line":25,"column":3}}},"3":{"name":"(anonymous_16)","decl":{"start":{"line":27,"column":2},"end":{"line":27,"column":7}},"loc":{"start":{"line":27,"column":26},"end":{"line":33,"column":3}}},"4":{"name":"(anonymous_17)","decl":{"start":{"line":35,"column":2},"end":{"line":35,"column":7}},"loc":{"start":{"line":35,"column":69},"end":{"line":43,"column":3}}},"5":{"name":"(anonymous_18)","decl":{"start":{"line":45,"column":2},"end":{"line":45,"column":7}},"loc":{"start":{"line":45,"column":25},"end":{"line":52,"column":3}}}},"branchMap":{"0":{"loc":{"start":{"line":31,"column":4},"end":{"line":31,"column":75}},"type":"if","locations":[{"start":{"line":31,"column":4},"end":{"line":31,"column":75}},{"start":{},"end":{}}]},"1":{"loc":{"start":{"line":41,"column":4},"end":{"line":41,"column":75}},"type":"if","locations":[{"start":{"line":41,"column":4},"end":{"line":41,"column":75}},{"start":{},"end":{}}]},"2":{"loc":{"start":{"line":50,"column":4},"end":{"line":50,"column":75}},"type":"if","locations":[{"start":{"line":50,"column":4},"end":{"line":50,"column":75}},{"start":{},"end":{}}]},"3":{"loc":{"start":{"line":12,"column":25},"end":{"line":12,"column":54}},"type":"cond-expr","locations":[{"start":{"line":12,"column":39},"end":{"line":12,"column":54}},{"start":{"line":12,"column":39},"end":{"line":12,"column":54}}]},"4":{"loc":{"start":{"line":12,"column":25},"end":{"line":12,"column":39}},"type":"binary-expr","locations":[{"start":{"line":12,"column":25},"end":{"line":12,"column":54}},{"start":{"line":12,"column":25},"end":{"line":12,"column":39}}]}},"s":{"0":0,"1":0,"2":0,"3":0,"4":0,"5":0,"6":0,"7":0,"8":0,"9":0,"10":0,"11":0,"12":0,"13":0,"14":0,"15":0,"16":0,"17":0,"18":0,"19":0,"20":0,"21":0,"22":0,"23":0},"f":{"0":0,"1":0,"2":0,"3":0,"4":0,"5":0},"b":{"0":[0,0],"1":[0,0],"2":[0,0],"3":[0,0],"4":[0,0]}}
,"C:\\Users\\diogomasc\\Documents\\workspace\\api-kanban-nest\\api-kanban\\src\\modules\\responsibles\\dto\\create-responsible.dto.ts": {"path":"C:\\Users\\diogomasc\\Documents\\workspace\\api-kanban-nest\\api-kanban\\src\\modules\\responsibles\\dto\\create-responsible.dto.ts","statementMap":{"0":{"start":{"line":1,"column":0},"end":{"line":1,"column":42}},"1":{"start":{"line":2,"column":0},"end":{"line":2,"column":24}},"2":{"start":{"line":4,"column":13},"end":{"line":8,"column":3}},"3":{"start":{"line":10,"column":0},"end":{"line":10,"column":13}}},"fnMap":{},"branchMap":{},"s":{"0":0,"1":0,"2":0,"3":0},"f":{},"b":{}}
,"C:\\Users\\diogomasc\\Documents\\workspace\\api-kanban-nest\\api-kanban\\src\\modules\\tags\\tags.controller.ts": {"path":"C:\\Users\\diogomasc\\Documents\\workspace\\api-kanban-nest\\api-kanban\\src\\modules\\tags\\tags.controller.ts","statementMap":{"0":{"start":{"line":1,"column":0},"end":{"line":1,"column":null}},"1":{"start":{"line":10,"column":0},"end":{"line":10,"column":45}},"2":{"start":{"line":11,"column":0},"end":{"line":11,"column":52}},"3":{"start":{"line":12,"column":0},"end":{"line":12,"column":56}},"4":{"start":{"line":16,"column":7},"end":{"line":48,"column":null}},"5":{"start":{"line":17,"column":31},"end":{"line":17,"column":44}},"6":{"start":{"line":22,"column":4},"end":{"line":22,"column":49}},"7":{"start":{"line":28,"column":4},"end":{"line":28,"column":38}},"8":{"start":{"line":34,"column":4},"end":{"line":34,"column":40}},"9":{"start":{"line":40,"column":4},"end":{"line":40,"column":53}},"10":{"start":{"line":46,"column":4},"end":{"line":46,"column":39}},"11":{"start":{"line":16,"column":13},"end":{"line":16,"column":27}},"12":{"start":{"line":21,"column":2},"end":{"line":23,"column":null}},"13":{"start":{"line":27,"column":2},"end":{"line":29,"column":null}},"14":{"start":{"line":33,"column":2},"end":{"line":35,"column":null}},"15":{"start":{"line":39,"column":2},"end":{"line":41,"column":null}},"16":{"start":{"line":45,"column":2},"end":{"line":47,"column":null}},"17":{"start":{"line":16,"column":13},"end":{"line":48,"column":null}}},"fnMap":{"0":{"name":"(anonymous_4)","decl":{"start":{"line":17,"column":2},"end":{"line":17,"column":31}},"loc":{"start":{"line":17,"column":55},"end":{"line":17,"column":59}}},"1":{"name":"(anonymous_5)","decl":{"start":{"line":21,"column":2},"end":{"line":21,"column":8}},"loc":{"start":{"line":21,"column":43},"end":{"line":23,"column":3}}},"2":{"name":"(anonymous_6)","decl":{"start":{"line":27,"column":2},"end":{"line":27,"column":9}},"loc":{"start":{"line":27,"column":9},"end":{"line":29,"column":3}}},"3":{"name":"(anonymous_7)","decl":{"start":{"line":33,"column":2},"end":{"line":33,"column":9}},"loc":{"start":{"line":33,"column":33},"end":{"line":35,"column":3}}},"4":{"name":"(anonymous_8)","decl":{"start":{"line":39,"column":2},"end":{"line":39,"column":8}},"loc":{"start":{"line":39,"column":68},"end":{"line":41,"column":3}}},"5":{"name":"(anonymous_9)","decl":{"start":{"line":45,"column":2},"end":{"line":45,"column":8}},"loc":{"start":{"line":45,"column":32},"end":{"line":47,"column":3}}}},"branchMap":{"0":{"loc":{"start":{"line":21,"column":31},"end":{"line":21,"column":null}},"type":"cond-expr","locations":[{"start":{"line":21,"column":43},"end":{"line":21,"column":null}},{"start":{"line":21,"column":43},"end":{"line":21,"column":null}}]},"1":{"loc":{"start":{"line":21,"column":31},"end":{"line":21,"column":43}},"type":"binary-expr","locations":[{"start":{"line":21,"column":31},"end":{"line":21,"column":null}},{"start":{"line":21,"column":31},"end":{"line":21,"column":43}}]},"2":{"loc":{"start":{"line":39,"column":56},"end":{"line":39,"column":null}},"type":"cond-expr","locations":[{"start":{"line":39,"column":68},"end":{"line":39,"column":null}},{"start":{"line":39,"column":68},"end":{"line":39,"column":null}}]},"3":{"loc":{"start":{"line":39,"column":56},"end":{"line":39,"column":68}},"type":"binary-expr","locations":[{"start":{"line":39,"column":56},"end":{"line":39,"column":null}},{"start":{"line":39,"column":56},"end":{"line":39,"column":68}}]},"4":{"loc":{"start":{"line":17,"column":44},"end":{"line":17,"column":58}},"type":"cond-expr","locations":[{"start":{"line":17,"column":55},"end":{"line":17,"column":58}},{"start":{"line":17,"column":55},"end":{"line":17,"column":58}}]},"5":{"loc":{"start":{"line":17,"column":44},"end":{"line":17,"column":55}},"type":"binary-expr","locations":[{"start":{"line":17,"column":44},"end":{"line":17,"column":58}},{"start":{"line":17,"column":44},"end":{"line":17,"column":55}}]}},"s":{"0":0,"1":0,"2":0,"3":0,"4":0,"5":0,"6":0,"7":0,"8":0,"9":0,"10":0,"11":0,"12":0,"13":0,"14":0,"15":0,"16":0,"17":0},"f":{"0":0,"1":0,"2":0,"3":0,"4":0,"5":0},"b":{"0":[0,0],"1":[0,0],"2":[0,0],"3":[0,0],"4":[0,0],"5":[0,0]}}
,"C:\\Users\\diogomasc\\Documents\\workspace\\api-kanban-nest\\api-kanban\\src\\modules\\tags\\tags.module.ts": {"path":"C:\\Users\\diogomasc\\Documents\\workspace\\api-kanban-nest\\api-kanban\\src\\modules\\tags\\tags.module.ts","statementMap":{"0":{"start":{"line":1,"column":0},"end":{"line":1,"column":40}},"1":{"start":{"line":2,"column":0},"end":{"line":2,"column":45}},"2":{"start":{"line":3,"column":0},"end":{"line":3,"column":51}},"3":{"start":{"line":9,"column":7},"end":{"line":9,"column":null}},"4":{"start":{"line":9,"column":13},"end":{"line":9,"column":23}},"5":{"start":{"line":9,"column":13},"end":{"line":9,"column":null}}},"fnMap":{},"branchMap":{},"s":{"0":0,"1":0,"2":0,"3":0,"4":0,"5":0},"f":{},"b":{}}
,"C:\\Users\\diogomasc\\Documents\\workspace\\api-kanban-nest\\api-kanban\\src\\modules\\tags\\tags.service.ts": {"path":"C:\\Users\\diogomasc\\Documents\\workspace\\api-kanban-nest\\api-kanban\\src\\modules\\tags\\tags.service.ts","statementMap":{"0":{"start":{"line":1,"column":0},"end":{"line":1,"column":71}},"1":{"start":{"line":2,"column":0},"end":{"line":2,"column":69}},"2":{"start":{"line":3,"column":0},"end":{"line":3,"column":59}},"3":{"start":{"line":4,"column":0},"end":{"line":4,"column":48}},"4":{"start":{"line":6,"column":0},"end":{"line":6,"column":33}},"5":{"start":{"line":9,"column":7},"end":{"line":53,"column":null}},"6":{"start":{"line":12,"column":21},"end":{"line":12,"column":25}},"7":{"start":{"line":16,"column":18},"end":{"line":19,"column":18}},"8":{"start":{"line":20,"column":4},"end":{"line":20,"column":15}},"9":{"start":{"line":24,"column":4},"end":{"line":24,"column":41}},"10":{"start":{"line":28,"column":16},"end":{"line":30,"column":6}},"11":{"start":{"line":31,"column":4},"end":{"line":31,"column":59}},"12":{"start":{"line":31,"column":14},"end":{"line":31,"column":59}},"13":{"start":{"line":32,"column":4},"end":{"line":32,"column":15}},"14":{"start":{"line":36,"column":18},"end":{"line":40,"column":18}},"15":{"start":{"line":41,"column":4},"end":{"line":41,"column":59}},"16":{"start":{"line":41,"column":14},"end":{"line":41,"column":59}},"17":{"start":{"line":42,"column":4},"end":{"line":42,"column":15}},"18":{"start":{"line":46,"column":18},"end":{"line":49,"column":18}},"19":{"start":{"line":50,"column":4},"end":{"line":50,"column":59}},"20":{"start":{"line":50,"column":14},"end":{"line":50,"column":59}},"21":{"start":{"line":51,"column":4},"end":{"line":51,"column":15}},"22":{"start":{"line":9,"column":13},"end":{"line":9,"column":24}},"23":{"start":{"line":9,"column":13},"end":{"line":53,"column":null}}},"fnMap":{"0":{"name":"(anonymous_13)","decl":{"start":{"line":10,"column":2},"end":{"line":10,"column":null}},"loc":{"start":{"line":12,"column":54},"end":{"line":13,"column":6}}},"1":{"name":"(anonymous_14)","decl":{"start":{"line":15,"column":2},"end":{"line":15,"column":7}},"loc":{"start":{"line":15,"column":41},"end":{"line":21,"column":3}}},"2":{"name":"(anonymous_15)","decl":{"start":{"line":23,"column":2},"end":{"line":23,"column":7}},"loc":{"start":{"line":23,"column":15},"end":{"line":25,"column":3}}},"3":{"name":"(anonymous_16)","decl":{"start":{"line":27,"column":2},"end":{"line":27,"column":7}},"loc":{"start":{"line":27,"column":26},"end":{"line":33,"column":3}}},"4":{"name":"(anonymous_17)","decl":{"start":{"line":35,"column":2},"end":{"line":35,"column":7}},"loc":{"start":{"line":35,"column":53},"end":{"line":43,"column":3}}},"5":{"name":"(anonymous_18)","decl":{"start":{"line":45,"column":2},"end":{"line":45,"column":7}},"loc":{"start":{"line":45,"column":25},"end":{"line":52,"column":3}}}},"branchMap":{"0":{"loc":{"start":{"line":31,"column":4},"end":{"line":31,"column":59}},"type":"if","locations":[{"start":{"line":31,"column":4},"end":{"line":31,"column":59}},{"start":{},"end":{}}]},"1":{"loc":{"start":{"line":41,"column":4},"end":{"line":41,"column":59}},"type":"if","locations":[{"start":{"line":41,"column":4},"end":{"line":41,"column":59}},{"start":{},"end":{}}]},"2":{"loc":{"start":{"line":50,"column":4},"end":{"line":50,"column":59}},"type":"if","locations":[{"start":{"line":50,"column":4},"end":{"line":50,"column":59}},{"start":{},"end":{}}]},"3":{"loc":{"start":{"line":12,"column":25},"end":{"line":12,"column":54}},"type":"cond-expr","locations":[{"start":{"line":12,"column":39},"end":{"line":12,"column":54}},{"start":{"line":12,"column":39},"end":{"line":12,"column":54}}]},"4":{"loc":{"start":{"line":12,"column":25},"end":{"line":12,"column":39}},"type":"binary-expr","locations":[{"start":{"line":12,"column":25},"end":{"line":12,"column":54}},{"start":{"line":12,"column":25},"end":{"line":12,"column":39}}]}},"s":{"0":0,"1":0,"2":0,"3":0,"4":0,"5":0,"6":0,"7":0,"8":0,"9":0,"10":0,"11":0,"12":0,"13":0,"14":0,"15":0,"16":0,"17":0,"18":0,"19":0,"20":0,"21":0,"22":0,"23":0},"f":{"0":0,"1":0,"2":0,"3":0,"4":0,"5":0},"b":{"0":[0,0],"1":[0,0],"2":[0,0],"3":[0,0],"4":[0,0]}}
,"C:\\Users\\diogomasc\\Documents\\workspace\\api-kanban-nest\\api-kanban\\src\\modules\\tags\\dto\\create-tag.dto.ts": {"path":"C:\\Users\\diogomasc\\Documents\\workspace\\api-kanban-nest\\api-kanban\\src\\modules\\tags\\dto\\create-tag.dto.ts","statementMap":{"0":{"start":{"line":1,"column":0},"end":{"line":1,"column":42}},"1":{"start":{"line":2,"column":0},"end":{"line":2,"column":24}},"2":{"start":{"line":4,"column":13},"end":{"line":7,"column":3}},"3":{"start":{"line":9,"column":0},"end":{"line":9,"column":13}}},"fnMap":{},"branchMap":{},"s":{"0":0,"1":0,"2":0,"3":0},"f":{},"b":{}}
,"C:\\Users\\diogomasc\\Documents\\workspace\\api-kanban-nest\\api-kanban\\src\\tests\\mocks\\drizzle.mock.ts": {"path":"C:\\Users\\diogomasc\\Documents\\workspace\\api-kanban-nest\\api-kanban\\src\\tests\\mocks\\drizzle.mock.ts","statementMap":{"0":{"start":{"line":1,"column":33},"end":{"line":46,"column":2}},"1":{"start":{"line":1,"column":40},"end":{"line":46,"column":2}},"2":{"start":{"line":36,"column":4},"end":{"line":44,"column":6}},"3":{"start":{"line":1,"column":13},"end":{"line":1,"column":33}}},"fnMap":{"0":{"name":"(anonymous_0)","decl":{"start":{"line":1,"column":33},"end":{"line":1,"column":36}},"loc":{"start":{"line":1,"column":40},"end":{"line":46,"column":2}}},"1":{"name":"(anonymous_1)","decl":{"start":{"line":35,"column":23},"end":{"line":35,"column":24}},"loc":{"start":{"line":36,"column":4},"end":{"line":44,"column":6}}}},"branchMap":{},"s":{"0":1,"1":5,"2":0,"3":1},"f":{"0":5,"1":0},"b":{}}
}
